[23-Dec-2021 13:06:56 UTC] PHP Fatal error:  Uncaught ArgumentCountError: Too few arguments to function add_action(), 1 passed in /Users/rickywallace/Local Sites/fancy-lab/app/public/wp-content/themes/fancy-lab/functions.php on line 8 and at least 2 expected in /Users/rickywallace/Local Sites/fancy-lab/app/public/wp-includes/plugin.php:394
Stack trace:
#0 /Users/rickywallace/Local Sites/fancy-lab/app/public/wp-content/themes/fancy-lab/functions.php(8): add_action(NULL)
#1 /Users/rickywallace/Local Sites/fancy-lab/app/public/wp-settings.php(546): include('/Users/rickywal...')
#2 /Users/rickywallace/Local Sites/fancy-lab/app/public/wp-config.php(77): require_once('/Users/rickywal...')
#3 /Users/rickywallace/Local Sites/fancy-lab/app/public/wp-load.php(50): require_once('/Users/rickywal...')
#4 /Users/rickywallace/Local Sites/fancy-lab/app/public/wp-admin/admin-ajax.php(22): require_once('/Users/rickywal...')
#5 {main}
  thrown in /Users/rickywallace/Local Sites/fancy-lab/app/public/wp-includes/plugin.php on line 394
[23-Dec-2021 13:06:57 UTC] PHP Fatal error:  Uncaught ArgumentCountError: Too few arguments to function add_action(), 1 passed in /Users/rickywallace/Local Sites/fancy-lab/app/public/wp-content/themes/fancy-lab/functions.php on line 8 and at least 2 expected in /Users/rickywallace/Local Sites/fancy-lab/app/public/wp-includes/plugin.php:394
Stack trace:
#0 /Users/rickywallace/Local Sites/fancy-lab/app/public/wp-content/themes/fancy-lab/functions.php(8): add_action(NULL)
#1 /Users/rickywallace/Local Sites/fancy-lab/app/public/wp-settings.php(546): include('/Users/rickywal...')
#2 /Users/rickywallace/Local Sites/fancy-lab/app/public/wp-config.php(77): require_once('/Users/rickywal...')
#3 /Users/rickywallace/Local Sites/fancy-lab/app/public/wp-load.php(50): require_once('/Users/rickywal...')
#4 /Users/rickywallace/Local Sites/fancy-lab/app/public/wp-blog-header.php(13): require_once('/Users/rickywal...')
#5 /Users/rickywallace/Local Sites/fancy-lab/app/public/index.php(17): require('/Users/rickywal...')
#6 {main}
  thrown in /Users/rickywallace/Local Sites/fancy-lab/app/public/wp-includes/plugin.php on line 394
[23-Dec-2021 13:06:58 UTC] PHP Fatal error:  Uncaught ArgumentCountError: Too few arguments to function add_action(), 1 passed in /Users/rickywallace/Local Sites/fancy-lab/app/public/wp-content/themes/fancy-lab/functions.php on line 8 and at least 2 expected in /Users/rickywallace/Local Sites/fancy-lab/app/public/wp-includes/plugin.php:394
Stack trace:
#0 /Users/rickywallace/Local Sites/fancy-lab/app/public/wp-content/themes/fancy-lab/functions.php(8): add_action(NULL)
#1 /Users/rickywallace/Local Sites/fancy-lab/app/public/wp-settings.php(546): include('/Users/rickywal...')
#2 /Users/rickywallace/Local Sites/fancy-lab/app/public/wp-config.php(77): require_once('/Users/rickywal...')
#3 /Users/rickywallace/Local Sites/fancy-lab/app/public/wp-load.php(50): require_once('/Users/rickywal...')
#4 /Users/rickywallace/Local Sites/fancy-lab/app/public/wp-blog-header.php(13): require_once('/Users/rickywal...')
#5 /Users/rickywallace/Local Sites/fancy-lab/app/public/index.php(17): require('/Users/rickywal...')
#6 {main}
  thrown in /Users/rickywallace/Local Sites/fancy-lab/app/public/wp-includes/plugin.php on line 394
[23-Dec-2021 13:08:57 UTC] PHP Fatal error:  Uncaught ArgumentCountError: Too few arguments to function add_action(), 1 passed in /Users/rickywallace/Local Sites/fancy-lab/app/public/wp-content/themes/fancy-lab/functions.php on line 8 and at least 2 expected in /Users/rickywallace/Local Sites/fancy-lab/app/public/wp-includes/plugin.php:394
Stack trace:
#0 /Users/rickywallace/Local Sites/fancy-lab/app/public/wp-content/themes/fancy-lab/functions.php(8): add_action(NULL)
#1 /Users/rickywallace/Local Sites/fancy-lab/app/public/wp-settings.php(546): include('/Users/rickywal...')
#2 /Users/rickywallace/Local Sites/fancy-lab/app/public/wp-config.php(77): require_once('/Users/rickywal...')
#3 /Users/rickywallace/Local Sites/fancy-lab/app/public/wp-load.php(50): require_once('/Users/rickywal...')
#4 /Users/rickywallace/Local Sites/fancy-lab/app/public/wp-admin/admin-ajax.php(22): require_once('/Users/rickywal...')
#5 {main}
  thrown in /Users/rickywallace/Local Sites/fancy-lab/app/public/wp-includes/plugin.php on line 394
[23-Dec-2021 13:10:57 UTC] PHP Fatal error:  Uncaught ArgumentCountError: Too few arguments to function add_action(), 1 passed in /Users/rickywallace/Local Sites/fancy-lab/app/public/wp-content/themes/fancy-lab/functions.php on line 8 and at least 2 expected in /Users/rickywallace/Local Sites/fancy-lab/app/public/wp-includes/plugin.php:394
Stack trace:
#0 /Users/rickywallace/Local Sites/fancy-lab/app/public/wp-content/themes/fancy-lab/functions.php(8): add_action(NULL)
#1 /Users/rickywallace/Local Sites/fancy-lab/app/public/wp-settings.php(546): include('/Users/rickywal...')
#2 /Users/rickywallace/Local Sites/fancy-lab/app/public/wp-config.php(77): require_once('/Users/rickywal...')
#3 /Users/rickywallace/Local Sites/fancy-lab/app/public/wp-load.php(50): require_once('/Users/rickywal...')
#4 /Users/rickywallace/Local Sites/fancy-lab/app/public/wp-admin/admin-ajax.php(22): require_once('/Users/rickywal...')
#5 {main}
  thrown in /Users/rickywallace/Local Sites/fancy-lab/app/public/wp-includes/plugin.php on line 394
[23-Dec-2021 13:12:58 UTC] PHP Fatal error:  Uncaught ArgumentCountError: Too few arguments to function add_action(), 1 passed in /Users/rickywallace/Local Sites/fancy-lab/app/public/wp-content/themes/fancy-lab/functions.php on line 8 and at least 2 expected in /Users/rickywallace/Local Sites/fancy-lab/app/public/wp-includes/plugin.php:394
Stack trace:
#0 /Users/rickywallace/Local Sites/fancy-lab/app/public/wp-content/themes/fancy-lab/functions.php(8): add_action(NULL)
#1 /Users/rickywallace/Local Sites/fancy-lab/app/public/wp-settings.php(546): include('/Users/rickywal...')
#2 /Users/rickywallace/Local Sites/fancy-lab/app/public/wp-config.php(77): require_once('/Users/rickywal...')
#3 /Users/rickywallace/Local Sites/fancy-lab/app/public/wp-load.php(50): require_once('/Users/rickywal...')
#4 /Users/rickywallace/Local Sites/fancy-lab/app/public/wp-admin/admin-ajax.php(22): require_once('/Users/rickywal...')
#5 {main}
  thrown in /Users/rickywallace/Local Sites/fancy-lab/app/public/wp-includes/plugin.php on line 394
[23-Dec-2021 13:14:58 UTC] PHP Fatal error:  Uncaught ArgumentCountError: Too few arguments to function add_action(), 1 passed in /Users/rickywallace/Local Sites/fancy-lab/app/public/wp-content/themes/fancy-lab/functions.php on line 8 and at least 2 expected in /Users/rickywallace/Local Sites/fancy-lab/app/public/wp-includes/plugin.php:394
Stack trace:
#0 /Users/rickywallace/Local Sites/fancy-lab/app/public/wp-content/themes/fancy-lab/functions.php(8): add_action(NULL)
#1 /Users/rickywallace/Local Sites/fancy-lab/app/public/wp-settings.php(546): include('/Users/rickywal...')
#2 /Users/rickywallace/Local Sites/fancy-lab/app/public/wp-config.php(77): require_once('/Users/rickywal...')
#3 /Users/rickywallace/Local Sites/fancy-lab/app/public/wp-load.php(50): require_once('/Users/rickywal...')
#4 /Users/rickywallace/Local Sites/fancy-lab/app/public/wp-admin/admin-ajax.php(22): require_once('/Users/rickywal...')
#5 {main}
  thrown in /Users/rickywallace/Local Sites/fancy-lab/app/public/wp-includes/plugin.php on line 394
[23-Dec-2021 14:45:04 UTC] PHP Warning:  Illegal offset type in isset or empty in /Users/rickywallace/Local Sites/fancy-lab/app/public/wp-includes/class-wp-hook.php on line 76
[23-Dec-2021 14:45:04 UTC] PHP Stack trace:
[23-Dec-2021 14:45:04 UTC] PHP   1. {main}() /Users/rickywallace/Local Sites/fancy-lab/app/public/index.php:0
[23-Dec-2021 14:45:04 UTC] PHP   2. require() /Users/rickywallace/Local Sites/fancy-lab/app/public/index.php:17
[23-Dec-2021 14:45:04 UTC] PHP   3. require_once() /Users/rickywallace/Local Sites/fancy-lab/app/public/wp-blog-header.php:13
[23-Dec-2021 14:45:04 UTC] PHP   4. require_once() /Users/rickywallace/Local Sites/fancy-lab/app/public/wp-load.php:50
[23-Dec-2021 14:45:04 UTC] PHP   5. require_once() /Users/rickywallace/Local Sites/fancy-lab/app/public/wp-config.php:77
[23-Dec-2021 14:45:04 UTC] PHP   6. include() /Users/rickywallace/Local Sites/fancy-lab/app/public/wp-settings.php:546
[23-Dec-2021 14:45:04 UTC] PHP   7. add_action() /Users/rickywallace/Local Sites/fancy-lab/app/public/wp-content/themes/fancy-lab/functions.php:14
[23-Dec-2021 14:45:04 UTC] PHP   8. add_filter() /Users/rickywallace/Local Sites/fancy-lab/app/public/wp-includes/plugin.php:395
[23-Dec-2021 14:45:04 UTC] PHP   9. WP_Hook->add_filter() /Users/rickywallace/Local Sites/fancy-lab/app/public/wp-includes/plugin.php:121
[23-Dec-2021 14:45:04 UTC] PHP Warning:  Illegal offset type in /Users/rickywallace/Local Sites/fancy-lab/app/public/wp-includes/class-wp-hook.php on line 78
[23-Dec-2021 14:45:04 UTC] PHP Stack trace:
[23-Dec-2021 14:45:04 UTC] PHP   1. {main}() /Users/rickywallace/Local Sites/fancy-lab/app/public/index.php:0
[23-Dec-2021 14:45:04 UTC] PHP   2. require() /Users/rickywallace/Local Sites/fancy-lab/app/public/index.php:17
[23-Dec-2021 14:45:04 UTC] PHP   3. require_once() /Users/rickywallace/Local Sites/fancy-lab/app/public/wp-blog-header.php:13
[23-Dec-2021 14:45:04 UTC] PHP   4. require_once() /Users/rickywallace/Local Sites/fancy-lab/app/public/wp-load.php:50
[23-Dec-2021 14:45:04 UTC] PHP   5. require_once() /Users/rickywallace/Local Sites/fancy-lab/app/public/wp-config.php:77
[23-Dec-2021 14:45:04 UTC] PHP   6. include() /Users/rickywallace/Local Sites/fancy-lab/app/public/wp-settings.php:546
[23-Dec-2021 14:45:04 UTC] PHP   7. add_action() /Users/rickywallace/Local Sites/fancy-lab/app/public/wp-content/themes/fancy-lab/functions.php:14
[23-Dec-2021 14:45:04 UTC] PHP   8. add_filter() /Users/rickywallace/Local Sites/fancy-lab/app/public/wp-includes/plugin.php:395
[23-Dec-2021 14:45:04 UTC] PHP   9. WP_Hook->add_filter() /Users/rickywallace/Local Sites/fancy-lab/app/public/wp-includes/plugin.php:121
[23-Dec-2021 14:45:05 UTC] PHP Warning:  Illegal offset type in isset or empty in /Users/rickywallace/Local Sites/fancy-lab/app/public/wp-includes/class-wp-hook.php on line 76
[23-Dec-2021 14:45:05 UTC] PHP Stack trace:
[23-Dec-2021 14:45:05 UTC] PHP   1. {main}() /Users/rickywallace/Local Sites/fancy-lab/app/public/index.php:0
[23-Dec-2021 14:45:05 UTC] PHP   2. require() /Users/rickywallace/Local Sites/fancy-lab/app/public/index.php:17
[23-Dec-2021 14:45:05 UTC] PHP   3. require_once() /Users/rickywallace/Local Sites/fancy-lab/app/public/wp-blog-header.php:13
[23-Dec-2021 14:45:05 UTC] PHP   4. require_once() /Users/rickywallace/Local Sites/fancy-lab/app/public/wp-load.php:50
[23-Dec-2021 14:45:05 UTC] PHP   5. require_once() /Users/rickywallace/Local Sites/fancy-lab/app/public/wp-config.php:77
[23-Dec-2021 14:45:05 UTC] PHP   6. include() /Users/rickywallace/Local Sites/fancy-lab/app/public/wp-settings.php:546
[23-Dec-2021 14:45:05 UTC] PHP   7. add_action() /Users/rickywallace/Local Sites/fancy-lab/app/public/wp-content/themes/fancy-lab/functions.php:14
[23-Dec-2021 14:45:05 UTC] PHP   8. add_filter() /Users/rickywallace/Local Sites/fancy-lab/app/public/wp-includes/plugin.php:395
[23-Dec-2021 14:45:05 UTC] PHP   9. WP_Hook->add_filter() /Users/rickywallace/Local Sites/fancy-lab/app/public/wp-includes/plugin.php:121
[23-Dec-2021 14:45:05 UTC] PHP Warning:  Illegal offset type in /Users/rickywallace/Local Sites/fancy-lab/app/public/wp-includes/class-wp-hook.php on line 78
[23-Dec-2021 14:45:05 UTC] PHP Stack trace:
[23-Dec-2021 14:45:05 UTC] PHP   1. {main}() /Users/rickywallace/Local Sites/fancy-lab/app/public/index.php:0
[23-Dec-2021 14:45:05 UTC] PHP   2. require() /Users/rickywallace/Local Sites/fancy-lab/app/public/index.php:17
[23-Dec-2021 14:45:05 UTC] PHP   3. require_once() /Users/rickywallace/Local Sites/fancy-lab/app/public/wp-blog-header.php:13
[23-Dec-2021 14:45:05 UTC] PHP   4. require_once() /Users/rickywallace/Local Sites/fancy-lab/app/public/wp-load.php:50
[23-Dec-2021 14:45:05 UTC] PHP   5. require_once() /Users/rickywallace/Local Sites/fancy-lab/app/public/wp-config.php:77
[23-Dec-2021 14:45:05 UTC] PHP   6. include() /Users/rickywallace/Local Sites/fancy-lab/app/public/wp-settings.php:546
[23-Dec-2021 14:45:05 UTC] PHP   7. add_action() /Users/rickywallace/Local Sites/fancy-lab/app/public/wp-content/themes/fancy-lab/functions.php:14
[23-Dec-2021 14:45:05 UTC] PHP   8. add_filter() /Users/rickywallace/Local Sites/fancy-lab/app/public/wp-includes/plugin.php:395
[23-Dec-2021 14:45:05 UTC] PHP   9. WP_Hook->add_filter() /Users/rickywallace/Local Sites/fancy-lab/app/public/wp-includes/plugin.php:121
[23-Dec-2021 14:45:05 UTC] PHP Warning:  Cannot modify header information - headers already sent by (output started at /Users/rickywallace/Local Sites/fancy-lab/app/public/wp-includes/class-wp-hook.php:76) in /Users/rickywallace/Local Sites/fancy-lab/app/public/wp-includes/pluggable.php on line 1340
[23-Dec-2021 14:45:05 UTC] PHP Stack trace:
[23-Dec-2021 14:45:05 UTC] PHP   1. {main}() /Users/rickywallace/Local Sites/fancy-lab/app/public/index.php:0
[23-Dec-2021 14:45:05 UTC] PHP   2. require() /Users/rickywallace/Local Sites/fancy-lab/app/public/index.php:17
[23-Dec-2021 14:45:05 UTC] PHP   3. require_once() /Users/rickywallace/Local Sites/fancy-lab/app/public/wp-blog-header.php:19
[23-Dec-2021 14:45:05 UTC] PHP   4. do_action() /Users/rickywallace/Local Sites/fancy-lab/app/public/wp-includes/template-loader.php:45
[23-Dec-2021 14:45:05 UTC] PHP   5. WP_Hook->do_action() /Users/rickywallace/Local Sites/fancy-lab/app/public/wp-includes/plugin.php:470
[23-Dec-2021 14:45:05 UTC] PHP   6. WP_Hook->apply_filters() /Users/rickywallace/Local Sites/fancy-lab/app/public/wp-includes/class-wp-hook.php:327
[23-Dec-2021 14:45:05 UTC] PHP   7. do_favicon() /Users/rickywallace/Local Sites/fancy-lab/app/public/wp-includes/class-wp-hook.php:303
[23-Dec-2021 14:45:05 UTC] PHP   8. wp_redirect() /Users/rickywallace/Local Sites/fancy-lab/app/public/wp-includes/functions.php:1694
[23-Dec-2021 14:45:05 UTC] PHP   9. header() /Users/rickywallace/Local Sites/fancy-lab/app/public/wp-includes/pluggable.php:1340
[23-Dec-2021 14:45:05 UTC] PHP Warning:  Cannot modify header information - headers already sent by (output started at /Users/rickywallace/Local Sites/fancy-lab/app/public/wp-includes/class-wp-hook.php:76) in /Users/rickywallace/Local Sites/fancy-lab/app/public/wp-includes/pluggable.php on line 1343
[23-Dec-2021 14:45:05 UTC] PHP Stack trace:
[23-Dec-2021 14:45:05 UTC] PHP   1. {main}() /Users/rickywallace/Local Sites/fancy-lab/app/public/index.php:0
[23-Dec-2021 14:45:05 UTC] PHP   2. require() /Users/rickywallace/Local Sites/fancy-lab/app/public/index.php:17
[23-Dec-2021 14:45:05 UTC] PHP   3. require_once() /Users/rickywallace/Local Sites/fancy-lab/app/public/wp-blog-header.php:19
[23-Dec-2021 14:45:05 UTC] PHP   4. do_action() /Users/rickywallace/Local Sites/fancy-lab/app/public/wp-includes/template-loader.php:45
[23-Dec-2021 14:45:05 UTC] PHP   5. WP_Hook->do_action() /Users/rickywallace/Local Sites/fancy-lab/app/public/wp-includes/plugin.php:470
[23-Dec-2021 14:45:05 UTC] PHP   6. WP_Hook->apply_filters() /Users/rickywallace/Local Sites/fancy-lab/app/public/wp-includes/class-wp-hook.php:327
[23-Dec-2021 14:45:05 UTC] PHP   7. do_favicon() /Users/rickywallace/Local Sites/fancy-lab/app/public/wp-includes/class-wp-hook.php:303
[23-Dec-2021 14:45:05 UTC] PHP   8. wp_redirect() /Users/rickywallace/Local Sites/fancy-lab/app/public/wp-includes/functions.php:1694
[23-Dec-2021 14:45:05 UTC] PHP   9. header() /Users/rickywallace/Local Sites/fancy-lab/app/public/wp-includes/pluggable.php:1343
[23-Dec-2021 14:45:22 UTC] PHP Warning:  Illegal offset type in isset or empty in /Users/rickywallace/Local Sites/fancy-lab/app/public/wp-includes/class-wp-hook.php on line 76
[23-Dec-2021 14:45:22 UTC] PHP Stack trace:
[23-Dec-2021 14:45:22 UTC] PHP   1. {main}() /Users/rickywallace/Local Sites/fancy-lab/app/public/wp-admin/admin-ajax.php:0
[23-Dec-2021 14:45:22 UTC] PHP   2. require_once() /Users/rickywallace/Local Sites/fancy-lab/app/public/wp-admin/admin-ajax.php:22
[23-Dec-2021 14:45:22 UTC] PHP   3. require_once() /Users/rickywallace/Local Sites/fancy-lab/app/public/wp-load.php:50
[23-Dec-2021 14:45:22 UTC] PHP   4. require_once() /Users/rickywallace/Local Sites/fancy-lab/app/public/wp-config.php:77
[23-Dec-2021 14:45:22 UTC] PHP   5. include() /Users/rickywallace/Local Sites/fancy-lab/app/public/wp-settings.php:546
[23-Dec-2021 14:45:22 UTC] PHP   6. add_action() /Users/rickywallace/Local Sites/fancy-lab/app/public/wp-content/themes/fancy-lab/functions.php:14
[23-Dec-2021 14:45:22 UTC] PHP   7. add_filter() /Users/rickywallace/Local Sites/fancy-lab/app/public/wp-includes/plugin.php:395
[23-Dec-2021 14:45:22 UTC] PHP   8. WP_Hook->add_filter() /Users/rickywallace/Local Sites/fancy-lab/app/public/wp-includes/plugin.php:121
[23-Dec-2021 14:45:22 UTC] PHP Warning:  Illegal offset type in /Users/rickywallace/Local Sites/fancy-lab/app/public/wp-includes/class-wp-hook.php on line 78
[23-Dec-2021 14:45:22 UTC] PHP Stack trace:
[23-Dec-2021 14:45:22 UTC] PHP   1. {main}() /Users/rickywallace/Local Sites/fancy-lab/app/public/wp-admin/admin-ajax.php:0
[23-Dec-2021 14:45:22 UTC] PHP   2. require_once() /Users/rickywallace/Local Sites/fancy-lab/app/public/wp-admin/admin-ajax.php:22
[23-Dec-2021 14:45:22 UTC] PHP   3. require_once() /Users/rickywallace/Local Sites/fancy-lab/app/public/wp-load.php:50
[23-Dec-2021 14:45:22 UTC] PHP   4. require_once() /Users/rickywallace/Local Sites/fancy-lab/app/public/wp-config.php:77
[23-Dec-2021 14:45:22 UTC] PHP   5. include() /Users/rickywallace/Local Sites/fancy-lab/app/public/wp-settings.php:546
[23-Dec-2021 14:45:22 UTC] PHP   6. add_action() /Users/rickywallace/Local Sites/fancy-lab/app/public/wp-content/themes/fancy-lab/functions.php:14
[23-Dec-2021 14:45:22 UTC] PHP   7. add_filter() /Users/rickywallace/Local Sites/fancy-lab/app/public/wp-includes/plugin.php:395
[23-Dec-2021 14:45:22 UTC] PHP   8. WP_Hook->add_filter() /Users/rickywallace/Local Sites/fancy-lab/app/public/wp-includes/plugin.php:121
[23-Dec-2021 15:03:26 UTC] PHP Parse error:  syntax error, unexpected '}' in /Users/rickywallace/Local Sites/fancy-lab/app/public/wp-content/themes/fancy-lab/functions.php on line 14
[23-Dec-2021 15:05:26 UTC] PHP Parse error:  syntax error, unexpected '}' in /Users/rickywallace/Local Sites/fancy-lab/app/public/wp-content/themes/fancy-lab/functions.php on line 14
[23-Dec-2021 15:07:27 UTC] PHP Parse error:  syntax error, unexpected '}' in /Users/rickywallace/Local Sites/fancy-lab/app/public/wp-content/themes/fancy-lab/functions.php on line 14
[23-Dec-2021 15:09:29 UTC] PHP Parse error:  syntax error, unexpected '}' in /Users/rickywallace/Local Sites/fancy-lab/app/public/wp-content/themes/fancy-lab/functions.php on line 14
[23-Dec-2021 15:11:29 UTC] PHP Parse error:  syntax error, unexpected '}' in /Users/rickywallace/Local Sites/fancy-lab/app/public/wp-content/themes/fancy-lab/functions.php on line 14
[23-Dec-2021 15:13:30 UTC] PHP Parse error:  syntax error, unexpected '}' in /Users/rickywallace/Local Sites/fancy-lab/app/public/wp-content/themes/fancy-lab/functions.php on line 14
[23-Dec-2021 15:33:38 UTC] PHP Warning:  call_user_func_array() expects parameter 1 to be a valid callback, no array or string given in /Users/rickywallace/Local Sites/fancy-lab/app/public/wp-includes/class-wp-hook.php on line 303
[23-Dec-2021 15:33:38 UTC] PHP Stack trace:
[23-Dec-2021 15:33:38 UTC] PHP   1. {main}() /Users/rickywallace/Local Sites/fancy-lab/app/public/wp-admin/admin-ajax.php:0
[23-Dec-2021 15:33:38 UTC] PHP   2. require_once() /Users/rickywallace/Local Sites/fancy-lab/app/public/wp-admin/admin-ajax.php:22
[23-Dec-2021 15:33:38 UTC] PHP   3. require_once() /Users/rickywallace/Local Sites/fancy-lab/app/public/wp-load.php:50
[23-Dec-2021 15:33:38 UTC] PHP   4. require_once() /Users/rickywallace/Local Sites/fancy-lab/app/public/wp-config.php:77
[23-Dec-2021 15:33:38 UTC] PHP   5. do_action() /Users/rickywallace/Local Sites/fancy-lab/app/public/wp-settings.php:556
[23-Dec-2021 15:33:38 UTC] PHP   6. WP_Hook->do_action() /Users/rickywallace/Local Sites/fancy-lab/app/public/wp-includes/plugin.php:470
[23-Dec-2021 15:33:38 UTC] PHP   7. WP_Hook->apply_filters() /Users/rickywallace/Local Sites/fancy-lab/app/public/wp-includes/class-wp-hook.php:327
[23-Dec-2021 15:33:38 UTC] PHP Warning:  call_user_func_array() expects parameter 1 to be a valid callback, no array or string given in /Users/rickywallace/Local Sites/fancy-lab/app/public/wp-includes/class-wp-hook.php on line 303
[23-Dec-2021 15:33:38 UTC] PHP Stack trace:
[23-Dec-2021 15:33:38 UTC] PHP   1. {main}() /Users/rickywallace/Local Sites/fancy-lab/app/public/wp-admin/options-permalink.php:0
[23-Dec-2021 15:33:38 UTC] PHP   2. require_once() /Users/rickywallace/Local Sites/fancy-lab/app/public/wp-admin/options-permalink.php:10
[23-Dec-2021 15:33:38 UTC] PHP   3. require_once() /Users/rickywallace/Local Sites/fancy-lab/app/public/wp-admin/admin.php:34
[23-Dec-2021 15:33:38 UTC] PHP   4. require_once() /Users/rickywallace/Local Sites/fancy-lab/app/public/wp-load.php:50
[23-Dec-2021 15:33:38 UTC] PHP   5. require_once() /Users/rickywallace/Local Sites/fancy-lab/app/public/wp-config.php:77
[23-Dec-2021 15:33:38 UTC] PHP   6. do_action() /Users/rickywallace/Local Sites/fancy-lab/app/public/wp-settings.php:556
[23-Dec-2021 15:33:38 UTC] PHP   7. WP_Hook->do_action() /Users/rickywallace/Local Sites/fancy-lab/app/public/wp-includes/plugin.php:470
[23-Dec-2021 15:33:38 UTC] PHP   8. WP_Hook->apply_filters() /Users/rickywallace/Local Sites/fancy-lab/app/public/wp-includes/class-wp-hook.php:327
[23-Dec-2021 15:33:40 UTC] PHP Warning:  call_user_func_array() expects parameter 1 to be a valid callback, no array or string given in /Users/rickywallace/Local Sites/fancy-lab/app/public/wp-includes/class-wp-hook.php on line 303
[23-Dec-2021 15:33:40 UTC] PHP Stack trace:
[23-Dec-2021 15:33:40 UTC] PHP   1. {main}() /Users/rickywallace/Local Sites/fancy-lab/app/public/index.php:0
[23-Dec-2021 15:33:40 UTC] PHP   2. require() /Users/rickywallace/Local Sites/fancy-lab/app/public/index.php:17
[23-Dec-2021 15:33:40 UTC] PHP   3. require_once() /Users/rickywallace/Local Sites/fancy-lab/app/public/wp-blog-header.php:13
[23-Dec-2021 15:33:40 UTC] PHP   4. require_once() /Users/rickywallace/Local Sites/fancy-lab/app/public/wp-load.php:50
[23-Dec-2021 15:33:40 UTC] PHP   5. require_once() /Users/rickywallace/Local Sites/fancy-lab/app/public/wp-config.php:77
[23-Dec-2021 15:33:40 UTC] PHP   6. do_action() /Users/rickywallace/Local Sites/fancy-lab/app/public/wp-settings.php:556
[23-Dec-2021 15:33:40 UTC] PHP   7. WP_Hook->do_action() /Users/rickywallace/Local Sites/fancy-lab/app/public/wp-includes/plugin.php:470
[23-Dec-2021 15:33:40 UTC] PHP   8. WP_Hook->apply_filters() /Users/rickywallace/Local Sites/fancy-lab/app/public/wp-includes/class-wp-hook.php:327
[23-Dec-2021 15:33:42 UTC] PHP Warning:  call_user_func_array() expects parameter 1 to be a valid callback, no array or string given in /Users/rickywallace/Local Sites/fancy-lab/app/public/wp-includes/class-wp-hook.php on line 303
[23-Dec-2021 15:33:42 UTC] PHP Stack trace:
[23-Dec-2021 15:33:42 UTC] PHP   1. {main}() /Users/rickywallace/Local Sites/fancy-lab/app/public/index.php:0
[23-Dec-2021 15:33:42 UTC] PHP   2. require() /Users/rickywallace/Local Sites/fancy-lab/app/public/index.php:17
[23-Dec-2021 15:33:42 UTC] PHP   3. require_once() /Users/rickywallace/Local Sites/fancy-lab/app/public/wp-blog-header.php:13
[23-Dec-2021 15:33:42 UTC] PHP   4. require_once() /Users/rickywallace/Local Sites/fancy-lab/app/public/wp-load.php:50
[23-Dec-2021 15:33:42 UTC] PHP   5. require_once() /Users/rickywallace/Local Sites/fancy-lab/app/public/wp-config.php:77
[23-Dec-2021 15:33:42 UTC] PHP   6. do_action() /Users/rickywallace/Local Sites/fancy-lab/app/public/wp-settings.php:556
[23-Dec-2021 15:33:42 UTC] PHP   7. WP_Hook->do_action() /Users/rickywallace/Local Sites/fancy-lab/app/public/wp-includes/plugin.php:470
[23-Dec-2021 15:33:42 UTC] PHP   8. WP_Hook->apply_filters() /Users/rickywallace/Local Sites/fancy-lab/app/public/wp-includes/class-wp-hook.php:327
[23-Dec-2021 15:33:43 UTC] PHP Warning:  call_user_func_array() expects parameter 1 to be a valid callback, no array or string given in /Users/rickywallace/Local Sites/fancy-lab/app/public/wp-includes/class-wp-hook.php on line 303
[23-Dec-2021 15:33:43 UTC] PHP Stack trace:
[23-Dec-2021 15:33:43 UTC] PHP   1. {main}() /Users/rickywallace/Local Sites/fancy-lab/app/public/index.php:0
[23-Dec-2021 15:33:43 UTC] PHP   2. require() /Users/rickywallace/Local Sites/fancy-lab/app/public/index.php:17
[23-Dec-2021 15:33:43 UTC] PHP   3. require_once() /Users/rickywallace/Local Sites/fancy-lab/app/public/wp-blog-header.php:13
[23-Dec-2021 15:33:43 UTC] PHP   4. require_once() /Users/rickywallace/Local Sites/fancy-lab/app/public/wp-load.php:50
[23-Dec-2021 15:33:43 UTC] PHP   5. require_once() /Users/rickywallace/Local Sites/fancy-lab/app/public/wp-config.php:77
[23-Dec-2021 15:33:43 UTC] PHP   6. do_action() /Users/rickywallace/Local Sites/fancy-lab/app/public/wp-settings.php:556
[23-Dec-2021 15:33:43 UTC] PHP   7. WP_Hook->do_action() /Users/rickywallace/Local Sites/fancy-lab/app/public/wp-includes/plugin.php:470
[23-Dec-2021 15:33:43 UTC] PHP   8. WP_Hook->apply_filters() /Users/rickywallace/Local Sites/fancy-lab/app/public/wp-includes/class-wp-hook.php:327
[24-Dec-2021 04:45:09 UTC] PHP Warning:  An unexpected error occurred. Something may be wrong with WordPress.org or this server&#8217;s configuration. If you continue to have problems, please try the <a href="https://wordpress.org/support/forums/">support forums</a>. (WordPress could not establish a secure connection to WordPress.org. Please contact your server administrator.) in /Users/rickywallace/Local Sites/fancy-lab/app/public/wp-includes/update.php on line 175
[24-Dec-2021 04:45:09 UTC] PHP Stack trace:
[24-Dec-2021 04:45:09 UTC] PHP   1. {main}() /Users/rickywallace/Local Sites/fancy-lab/app/public/wp-cron.php:0
[24-Dec-2021 04:45:09 UTC] PHP   2. do_action_ref_array() /Users/rickywallace/Local Sites/fancy-lab/app/public/wp-cron.php:138
[24-Dec-2021 04:45:09 UTC] PHP   3. WP_Hook->do_action() /Users/rickywallace/Local Sites/fancy-lab/app/public/wp-includes/plugin.php:518
[24-Dec-2021 04:45:09 UTC] PHP   4. WP_Hook->apply_filters() /Users/rickywallace/Local Sites/fancy-lab/app/public/wp-includes/class-wp-hook.php:327
[24-Dec-2021 04:45:09 UTC] PHP   5. wp_version_check() /Users/rickywallace/Local Sites/fancy-lab/app/public/wp-includes/class-wp-hook.php:303
[24-Dec-2021 04:45:09 UTC] PHP   6. trigger_error() /Users/rickywallace/Local Sites/fancy-lab/app/public/wp-includes/update.php:175
[24-Dec-2021 04:45:09 UTC] PHP Warning:  An unexpected error occurred. Something may be wrong with WordPress.org or this server&#8217;s configuration. If you continue to have problems, please try the <a href="https://wordpress.org/support/forums/">support forums</a>. (WordPress could not establish a secure connection to WordPress.org. Please contact your server administrator.) in /Users/rickywallace/Local Sites/fancy-lab/app/public/wp-includes/update.php on line 413
[24-Dec-2021 04:45:09 UTC] PHP Stack trace:
[24-Dec-2021 04:45:09 UTC] PHP   1. {main}() /Users/rickywallace/Local Sites/fancy-lab/app/public/wp-cron.php:0
[24-Dec-2021 04:45:09 UTC] PHP   2. do_action_ref_array() /Users/rickywallace/Local Sites/fancy-lab/app/public/wp-cron.php:138
[24-Dec-2021 04:45:09 UTC] PHP   3. WP_Hook->do_action() /Users/rickywallace/Local Sites/fancy-lab/app/public/wp-includes/plugin.php:518
[24-Dec-2021 04:45:09 UTC] PHP   4. WP_Hook->apply_filters() /Users/rickywallace/Local Sites/fancy-lab/app/public/wp-includes/class-wp-hook.php:327
[24-Dec-2021 04:45:09 UTC] PHP   5. wp_update_plugins() /Users/rickywallace/Local Sites/fancy-lab/app/public/wp-includes/class-wp-hook.php:303
[24-Dec-2021 04:45:09 UTC] PHP   6. trigger_error() /Users/rickywallace/Local Sites/fancy-lab/app/public/wp-includes/update.php:413
[24-Dec-2021 04:45:09 UTC] PHP Warning:  An unexpected error occurred. Something may be wrong with WordPress.org or this server&#8217;s configuration. If you continue to have problems, please try the <a href="https://wordpress.org/support/forums/">support forums</a>. (WordPress could not establish a secure connection to WordPress.org. Please contact your server administrator.) in /Users/rickywallace/Local Sites/fancy-lab/app/public/wp-includes/update.php on line 693
[24-Dec-2021 04:45:09 UTC] PHP Stack trace:
[24-Dec-2021 04:45:09 UTC] PHP   1. {main}() /Users/rickywallace/Local Sites/fancy-lab/app/public/wp-cron.php:0
[24-Dec-2021 04:45:09 UTC] PHP   2. do_action_ref_array() /Users/rickywallace/Local Sites/fancy-lab/app/public/wp-cron.php:138
[24-Dec-2021 04:45:09 UTC] PHP   3. WP_Hook->do_action() /Users/rickywallace/Local Sites/fancy-lab/app/public/wp-includes/plugin.php:518
[24-Dec-2021 04:45:09 UTC] PHP   4. WP_Hook->apply_filters() /Users/rickywallace/Local Sites/fancy-lab/app/public/wp-includes/class-wp-hook.php:327
[24-Dec-2021 04:45:09 UTC] PHP   5. wp_update_themes() /Users/rickywallace/Local Sites/fancy-lab/app/public/wp-includes/class-wp-hook.php:303
[24-Dec-2021 04:45:09 UTC] PHP   6. trigger_error() /Users/rickywallace/Local Sites/fancy-lab/app/public/wp-includes/update.php:693
[24-Dec-2021 15:53:47 UTC] PHP Warning:  call_user_func_array() expects parameter 1 to be a valid callback, no array or string given in /Users/rickywallace/Local Sites/fancy-lab/app/public/wp-includes/class-wp-hook.php on line 303
[24-Dec-2021 15:53:47 UTC] PHP Stack trace:
[24-Dec-2021 15:53:47 UTC] PHP   1. {main}() /Users/rickywallace/Local Sites/fancy-lab/app/public/wp-admin/post.php:0
[24-Dec-2021 15:53:47 UTC] PHP   2. require_once() /Users/rickywallace/Local Sites/fancy-lab/app/public/wp-admin/post.php:12
[24-Dec-2021 15:53:47 UTC] PHP   3. require_once() /Users/rickywallace/Local Sites/fancy-lab/app/public/wp-admin/admin.php:34
[24-Dec-2021 15:53:47 UTC] PHP   4. require_once() /Users/rickywallace/Local Sites/fancy-lab/app/public/wp-load.php:50
[24-Dec-2021 15:53:47 UTC] PHP   5. require_once() /Users/rickywallace/Local Sites/fancy-lab/app/public/wp-config.php:77
[24-Dec-2021 15:53:47 UTC] PHP   6. do_action() /Users/rickywallace/Local Sites/fancy-lab/app/public/wp-settings.php:556
[24-Dec-2021 15:53:47 UTC] PHP   7. WP_Hook->do_action() /Users/rickywallace/Local Sites/fancy-lab/app/public/wp-includes/plugin.php:470
[24-Dec-2021 15:53:47 UTC] PHP   8. WP_Hook->apply_filters() /Users/rickywallace/Local Sites/fancy-lab/app/public/wp-includes/class-wp-hook.php:327
[24-Dec-2021 15:53:49 UTC] PHP Warning:  call_user_func_array() expects parameter 1 to be a valid callback, no array or string given in /Users/rickywallace/Local Sites/fancy-lab/app/public/wp-includes/class-wp-hook.php on line 303
[24-Dec-2021 15:53:49 UTC] PHP Stack trace:
[24-Dec-2021 15:53:49 UTC] PHP   1. {main}() /Users/rickywallace/Local Sites/fancy-lab/app/public/index.php:0
[24-Dec-2021 15:53:49 UTC] PHP   2. require() /Users/rickywallace/Local Sites/fancy-lab/app/public/index.php:17
[24-Dec-2021 15:53:49 UTC] PHP   3. require_once() /Users/rickywallace/Local Sites/fancy-lab/app/public/wp-blog-header.php:13
[24-Dec-2021 15:53:49 UTC] PHP   4. require_once() /Users/rickywallace/Local Sites/fancy-lab/app/public/wp-load.php:50
[24-Dec-2021 15:53:49 UTC] PHP Warning:  call_user_func_array() expects parameter 1 to be a valid callback, no array or string given in /Users/rickywallace/Local Sites/fancy-lab/app/public/wp-includes/class-wp-hook.php on line 303
[24-Dec-2021 15:53:49 UTC] PHP   5. require_once() /Users/rickywallace/Local Sites/fancy-lab/app/public/wp-config.php:77
[24-Dec-2021 15:53:49 UTC] PHP Stack trace:
[24-Dec-2021 15:53:49 UTC] PHP   6. do_action() /Users/rickywallace/Local Sites/fancy-lab/app/public/wp-settings.php:556
[24-Dec-2021 15:53:49 UTC] PHP   7. WP_Hook->do_action() /Users/rickywallace/Local Sites/fancy-lab/app/public/wp-includes/plugin.php:470
[24-Dec-2021 15:53:49 UTC] PHP   1. {main}() /Users/rickywallace/Local Sites/fancy-lab/app/public/index.php:0
[24-Dec-2021 15:53:49 UTC] PHP   8. WP_Hook->apply_filters() /Users/rickywallace/Local Sites/fancy-lab/app/public/wp-includes/class-wp-hook.php:327
[24-Dec-2021 15:53:49 UTC] PHP   2. require() /Users/rickywallace/Local Sites/fancy-lab/app/public/index.php:17
[24-Dec-2021 15:53:49 UTC] PHP   3. require_once() /Users/rickywallace/Local Sites/fancy-lab/app/public/wp-blog-header.php:13
[24-Dec-2021 15:53:49 UTC] PHP   4. require_once() /Users/rickywallace/Local Sites/fancy-lab/app/public/wp-load.php:50
[24-Dec-2021 15:53:49 UTC] PHP   5. require_once() /Users/rickywallace/Local Sites/fancy-lab/app/public/wp-config.php:77
[24-Dec-2021 15:53:49 UTC] PHP   6. do_action() /Users/rickywallace/Local Sites/fancy-lab/app/public/wp-settings.php:556
[24-Dec-2021 15:53:49 UTC] PHP   7. WP_Hook->do_action() /Users/rickywallace/Local Sites/fancy-lab/app/public/wp-includes/plugin.php:470
[24-Dec-2021 15:53:49 UTC] PHP   8. WP_Hook->apply_filters() /Users/rickywallace/Local Sites/fancy-lab/app/public/wp-includes/class-wp-hook.php:327
[24-Dec-2021 15:53:49 UTC] PHP Warning:  call_user_func_array() expects parameter 1 to be a valid callback, no array or string given in /Users/rickywallace/Local Sites/fancy-lab/app/public/wp-includes/class-wp-hook.php on line 303
[24-Dec-2021 15:53:49 UTC] PHP Stack trace:
[24-Dec-2021 15:53:49 UTC] PHP   1. {main}() /Users/rickywallace/Local Sites/fancy-lab/app/public/index.php:0
[24-Dec-2021 15:53:49 UTC] PHP   2. require() /Users/rickywallace/Local Sites/fancy-lab/app/public/index.php:17
[24-Dec-2021 15:53:49 UTC] PHP   3. require_once() /Users/rickywallace/Local Sites/fancy-lab/app/public/wp-blog-header.php:13
[24-Dec-2021 15:53:49 UTC] PHP   4. require_once() /Users/rickywallace/Local Sites/fancy-lab/app/public/wp-load.php:50
[24-Dec-2021 15:53:49 UTC] PHP   5. require_once() /Users/rickywallace/Local Sites/fancy-lab/app/public/wp-config.php:77
[24-Dec-2021 15:53:49 UTC] PHP   6. do_action() /Users/rickywallace/Local Sites/fancy-lab/app/public/wp-settings.php:556
[24-Dec-2021 15:53:49 UTC] PHP   7. WP_Hook->do_action() /Users/rickywallace/Local Sites/fancy-lab/app/public/wp-includes/plugin.php:470
[24-Dec-2021 15:53:49 UTC] PHP   8. WP_Hook->apply_filters() /Users/rickywallace/Local Sites/fancy-lab/app/public/wp-includes/class-wp-hook.php:327
[24-Dec-2021 15:53:49 UTC] PHP Warning:  call_user_func_array() expects parameter 1 to be a valid callback, no array or string given in /Users/rickywallace/Local Sites/fancy-lab/app/public/wp-includes/class-wp-hook.php on line 303
[24-Dec-2021 15:53:49 UTC] PHP Stack trace:
[24-Dec-2021 15:53:49 UTC] PHP   1. {main}() /Users/rickywallace/Local Sites/fancy-lab/app/public/index.php:0
[24-Dec-2021 15:53:49 UTC] PHP   2. require() /Users/rickywallace/Local Sites/fancy-lab/app/public/index.php:17
[24-Dec-2021 15:53:49 UTC] PHP   3. require_once() /Users/rickywallace/Local Sites/fancy-lab/app/public/wp-blog-header.php:13
[24-Dec-2021 15:53:49 UTC] PHP   4. require_once() /Users/rickywallace/Local Sites/fancy-lab/app/public/wp-load.php:50
[24-Dec-2021 15:53:49 UTC] PHP   5. require_once() /Users/rickywallace/Local Sites/fancy-lab/app/public/wp-config.php:77
[24-Dec-2021 15:53:49 UTC] PHP   6. do_action() /Users/rickywallace/Local Sites/fancy-lab/app/public/wp-settings.php:556
[24-Dec-2021 15:53:49 UTC] PHP   7. WP_Hook->do_action() /Users/rickywallace/Local Sites/fancy-lab/app/public/wp-includes/plugin.php:470
[24-Dec-2021 15:53:49 UTC] PHP   8. WP_Hook->apply_filters() /Users/rickywallace/Local Sites/fancy-lab/app/public/wp-includes/class-wp-hook.php:327
[24-Dec-2021 15:53:49 UTC] PHP Warning:  call_user_func_array() expects parameter 1 to be a valid callback, no array or string given in /Users/rickywallace/Local Sites/fancy-lab/app/public/wp-includes/class-wp-hook.php on line 303
[24-Dec-2021 15:53:49 UTC] PHP Stack trace:
[24-Dec-2021 15:53:49 UTC] PHP   1. {main}() /Users/rickywallace/Local Sites/fancy-lab/app/public/index.php:0
[24-Dec-2021 15:53:49 UTC] PHP   2. require() /Users/rickywallace/Local Sites/fancy-lab/app/public/index.php:17
[24-Dec-2021 15:53:49 UTC] PHP   3. require_once() /Users/rickywallace/Local Sites/fancy-lab/app/public/wp-blog-header.php:13
[24-Dec-2021 15:53:49 UTC] PHP   4. require_once() /Users/rickywallace/Local Sites/fancy-lab/app/public/wp-load.php:50
[24-Dec-2021 15:53:49 UTC] PHP   5. require_once() /Users/rickywallace/Local Sites/fancy-lab/app/public/wp-config.php:77
[24-Dec-2021 15:53:49 UTC] PHP   6. do_action() /Users/rickywallace/Local Sites/fancy-lab/app/public/wp-settings.php:556
[24-Dec-2021 15:53:49 UTC] PHP   7. WP_Hook->do_action() /Users/rickywallace/Local Sites/fancy-lab/app/public/wp-includes/plugin.php:470
[24-Dec-2021 15:53:49 UTC] PHP   8. WP_Hook->apply_filters() /Users/rickywallace/Local Sites/fancy-lab/app/public/wp-includes/class-wp-hook.php:327
[24-Dec-2021 15:53:50 UTC] PHP Warning:  call_user_func_array() expects parameter 1 to be a valid callback, no array or string given in /Users/rickywallace/Local Sites/fancy-lab/app/public/wp-includes/class-wp-hook.php on line 303
[24-Dec-2021 15:53:50 UTC] PHP Stack trace:
[24-Dec-2021 15:53:50 UTC] PHP   1. {main}() /Users/rickywallace/Local Sites/fancy-lab/app/public/index.php:0
[24-Dec-2021 15:53:50 UTC] PHP   2. require() /Users/rickywallace/Local Sites/fancy-lab/app/public/index.php:17
[24-Dec-2021 15:53:50 UTC] PHP   3. require_once() /Users/rickywallace/Local Sites/fancy-lab/app/public/wp-blog-header.php:13
[24-Dec-2021 15:53:50 UTC] PHP   4. require_once() /Users/rickywallace/Local Sites/fancy-lab/app/public/wp-load.php:50
[24-Dec-2021 15:53:50 UTC] PHP   5. require_once() /Users/rickywallace/Local Sites/fancy-lab/app/public/wp-config.php:77
[24-Dec-2021 15:53:50 UTC] PHP   6. do_action() /Users/rickywallace/Local Sites/fancy-lab/app/public/wp-settings.php:556
[24-Dec-2021 15:53:50 UTC] PHP   7. WP_Hook->do_action() /Users/rickywallace/Local Sites/fancy-lab/app/public/wp-includes/plugin.php:470
[24-Dec-2021 15:53:50 UTC] PHP   8. WP_Hook->apply_filters() /Users/rickywallace/Local Sites/fancy-lab/app/public/wp-includes/class-wp-hook.php:327
[24-Dec-2021 15:53:51 UTC] PHP Warning:  call_user_func_array() expects parameter 1 to be a valid callback, no array or string given in /Users/rickywallace/Local Sites/fancy-lab/app/public/wp-includes/class-wp-hook.php on line 303
[24-Dec-2021 15:53:51 UTC] PHP Stack trace:
[24-Dec-2021 15:53:51 UTC] PHP   1. {main}() /Users/rickywallace/Local Sites/fancy-lab/app/public/wp-admin/admin-ajax.php:0
[24-Dec-2021 15:53:51 UTC] PHP   2. require_once() /Users/rickywallace/Local Sites/fancy-lab/app/public/wp-admin/admin-ajax.php:22
[24-Dec-2021 15:53:51 UTC] PHP   3. require_once() /Users/rickywallace/Local Sites/fancy-lab/app/public/wp-load.php:50
[24-Dec-2021 15:53:51 UTC] PHP   4. require_once() /Users/rickywallace/Local Sites/fancy-lab/app/public/wp-config.php:77
[24-Dec-2021 15:53:51 UTC] PHP   5. do_action() /Users/rickywallace/Local Sites/fancy-lab/app/public/wp-settings.php:556
[24-Dec-2021 15:53:51 UTC] PHP   6. WP_Hook->do_action() /Users/rickywallace/Local Sites/fancy-lab/app/public/wp-includes/plugin.php:470
[24-Dec-2021 15:53:51 UTC] PHP   7. WP_Hook->apply_filters() /Users/rickywallace/Local Sites/fancy-lab/app/public/wp-includes/class-wp-hook.php:327
[24-Dec-2021 15:53:52 UTC] PHP Warning:  call_user_func_array() expects parameter 1 to be a valid callback, no array or string given in /Users/rickywallace/Local Sites/fancy-lab/app/public/wp-includes/class-wp-hook.php on line 303
[24-Dec-2021 15:53:52 UTC] PHP Stack trace:
[24-Dec-2021 15:53:52 UTC] PHP   1. {main}() /Users/rickywallace/Local Sites/fancy-lab/app/public/wp-admin/edit.php:0
[24-Dec-2021 15:53:52 UTC] PHP   2. require_once() /Users/rickywallace/Local Sites/fancy-lab/app/public/wp-admin/edit.php:10
[24-Dec-2021 15:53:52 UTC] PHP   3. require_once() /Users/rickywallace/Local Sites/fancy-lab/app/public/wp-admin/admin.php:34
[24-Dec-2021 15:53:52 UTC] PHP   4. require_once() /Users/rickywallace/Local Sites/fancy-lab/app/public/wp-load.php:50
[24-Dec-2021 15:53:52 UTC] PHP   5. require_once() /Users/rickywallace/Local Sites/fancy-lab/app/public/wp-config.php:77
[24-Dec-2021 15:53:52 UTC] PHP   6. do_action() /Users/rickywallace/Local Sites/fancy-lab/app/public/wp-settings.php:556
[24-Dec-2021 15:53:52 UTC] PHP   7. WP_Hook->do_action() /Users/rickywallace/Local Sites/fancy-lab/app/public/wp-includes/plugin.php:470
[24-Dec-2021 15:53:52 UTC] PHP   8. WP_Hook->apply_filters() /Users/rickywallace/Local Sites/fancy-lab/app/public/wp-includes/class-wp-hook.php:327
[24-Dec-2021 15:53:52 UTC] PHP Warning:  call_user_func_array() expects parameter 1 to be a valid callback, no array or string given in /Users/rickywallace/Local Sites/fancy-lab/app/public/wp-includes/class-wp-hook.php on line 303
[24-Dec-2021 15:53:52 UTC] PHP Stack trace:
[24-Dec-2021 15:53:52 UTC] PHP   1. {main}() /Users/rickywallace/Local Sites/fancy-lab/app/public/wp-admin/admin-ajax.php:0
[24-Dec-2021 15:53:52 UTC] PHP   2. require_once() /Users/rickywallace/Local Sites/fancy-lab/app/public/wp-admin/admin-ajax.php:22
[24-Dec-2021 15:53:52 UTC] PHP   3. require_once() /Users/rickywallace/Local Sites/fancy-lab/app/public/wp-load.php:50
[24-Dec-2021 15:53:52 UTC] PHP   4. require_once() /Users/rickywallace/Local Sites/fancy-lab/app/public/wp-config.php:77
[24-Dec-2021 15:53:52 UTC] PHP   5. do_action() /Users/rickywallace/Local Sites/fancy-lab/app/public/wp-settings.php:556
[24-Dec-2021 15:53:52 UTC] PHP   6. WP_Hook->do_action() /Users/rickywallace/Local Sites/fancy-lab/app/public/wp-includes/plugin.php:470
[24-Dec-2021 15:53:52 UTC] PHP   7. WP_Hook->apply_filters() /Users/rickywallace/Local Sites/fancy-lab/app/public/wp-includes/class-wp-hook.php:327
[24-Dec-2021 15:53:56 UTC] PHP Warning:  call_user_func_array() expects parameter 1 to be a valid callback, no array or string given in /Users/rickywallace/Local Sites/fancy-lab/app/public/wp-includes/class-wp-hook.php on line 303
[24-Dec-2021 15:53:56 UTC] PHP Stack trace:
[24-Dec-2021 15:53:56 UTC] PHP   1. {main}() /Users/rickywallace/Local Sites/fancy-lab/app/public/wp-admin/edit.php:0
[24-Dec-2021 15:53:56 UTC] PHP   2. require_once() /Users/rickywallace/Local Sites/fancy-lab/app/public/wp-admin/edit.php:10
[24-Dec-2021 15:53:56 UTC] PHP   3. require_once() /Users/rickywallace/Local Sites/fancy-lab/app/public/wp-admin/admin.php:34
[24-Dec-2021 15:53:56 UTC] PHP   4. require_once() /Users/rickywallace/Local Sites/fancy-lab/app/public/wp-load.php:50
[24-Dec-2021 15:53:56 UTC] PHP   5. require_once() /Users/rickywallace/Local Sites/fancy-lab/app/public/wp-config.php:77
[24-Dec-2021 15:53:56 UTC] PHP   6. do_action() /Users/rickywallace/Local Sites/fancy-lab/app/public/wp-settings.php:556
[24-Dec-2021 15:53:56 UTC] PHP   7. WP_Hook->do_action() /Users/rickywallace/Local Sites/fancy-lab/app/public/wp-includes/plugin.php:470
[24-Dec-2021 15:53:56 UTC] PHP   8. WP_Hook->apply_filters() /Users/rickywallace/Local Sites/fancy-lab/app/public/wp-includes/class-wp-hook.php:327
[24-Dec-2021 15:53:57 UTC] PHP Warning:  call_user_func_array() expects parameter 1 to be a valid callback, no array or string given in /Users/rickywallace/Local Sites/fancy-lab/app/public/wp-includes/class-wp-hook.php on line 303
[24-Dec-2021 15:53:57 UTC] PHP Stack trace:
[24-Dec-2021 15:53:57 UTC] PHP   1. {main}() /Users/rickywallace/Local Sites/fancy-lab/app/public/wp-admin/admin-ajax.php:0
[24-Dec-2021 15:53:57 UTC] PHP   2. require_once() /Users/rickywallace/Local Sites/fancy-lab/app/public/wp-admin/admin-ajax.php:22
[24-Dec-2021 15:53:57 UTC] PHP   3. require_once() /Users/rickywallace/Local Sites/fancy-lab/app/public/wp-load.php:50
[24-Dec-2021 15:53:57 UTC] PHP   4. require_once() /Users/rickywallace/Local Sites/fancy-lab/app/public/wp-config.php:77
[24-Dec-2021 15:53:57 UTC] PHP   5. do_action() /Users/rickywallace/Local Sites/fancy-lab/app/public/wp-settings.php:556
[24-Dec-2021 15:53:57 UTC] PHP   6. WP_Hook->do_action() /Users/rickywallace/Local Sites/fancy-lab/app/public/wp-includes/plugin.php:470
[24-Dec-2021 15:53:57 UTC] PHP   7. WP_Hook->apply_filters() /Users/rickywallace/Local Sites/fancy-lab/app/public/wp-includes/class-wp-hook.php:327
[24-Dec-2021 15:53:57 UTC] PHP Warning:  call_user_func_array() expects parameter 1 to be a valid callback, no array or string given in /Users/rickywallace/Local Sites/fancy-lab/app/public/wp-includes/class-wp-hook.php on line 303
[24-Dec-2021 15:53:57 UTC] PHP Stack trace:
[24-Dec-2021 15:53:57 UTC] PHP   1. {main}() /Users/rickywallace/Local Sites/fancy-lab/app/public/index.php:0
[24-Dec-2021 15:53:57 UTC] PHP   2. require() /Users/rickywallace/Local Sites/fancy-lab/app/public/index.php:17
[24-Dec-2021 15:53:57 UTC] PHP   3. require_once() /Users/rickywallace/Local Sites/fancy-lab/app/public/wp-blog-header.php:13
[24-Dec-2021 15:53:57 UTC] PHP   4. require_once() /Users/rickywallace/Local Sites/fancy-lab/app/public/wp-load.php:50
[24-Dec-2021 15:53:57 UTC] PHP   5. require_once() /Users/rickywallace/Local Sites/fancy-lab/app/public/wp-config.php:77
[24-Dec-2021 15:53:57 UTC] PHP   6. do_action() /Users/rickywallace/Local Sites/fancy-lab/app/public/wp-settings.php:556
[24-Dec-2021 15:53:57 UTC] PHP   7. WP_Hook->do_action() /Users/rickywallace/Local Sites/fancy-lab/app/public/wp-includes/plugin.php:470
[24-Dec-2021 15:53:57 UTC] PHP   8. WP_Hook->apply_filters() /Users/rickywallace/Local Sites/fancy-lab/app/public/wp-includes/class-wp-hook.php:327
[24-Dec-2021 15:54:01 UTC] PHP Warning:  call_user_func_array() expects parameter 1 to be a valid callback, no array or string given in /Users/rickywallace/Local Sites/fancy-lab/app/public/wp-includes/class-wp-hook.php on line 303
[24-Dec-2021 15:54:01 UTC] PHP Stack trace:
[24-Dec-2021 15:54:01 UTC] PHP   1. {main}() /Users/rickywallace/Local Sites/fancy-lab/app/public/index.php:0
[24-Dec-2021 15:54:01 UTC] PHP   2. require() /Users/rickywallace/Local Sites/fancy-lab/app/public/index.php:17
[24-Dec-2021 15:54:01 UTC] PHP   3. require_once() /Users/rickywallace/Local Sites/fancy-lab/app/public/wp-blog-header.php:13
[24-Dec-2021 15:54:01 UTC] PHP   4. require_once() /Users/rickywallace/Local Sites/fancy-lab/app/public/wp-load.php:50
[24-Dec-2021 15:54:01 UTC] PHP   5. require_once() /Users/rickywallace/Local Sites/fancy-lab/app/public/wp-config.php:77
[24-Dec-2021 15:54:01 UTC] PHP   6. do_action() /Users/rickywallace/Local Sites/fancy-lab/app/public/wp-settings.php:556
[24-Dec-2021 15:54:01 UTC] PHP   7. WP_Hook->do_action() /Users/rickywallace/Local Sites/fancy-lab/app/public/wp-includes/plugin.php:470
[24-Dec-2021 15:54:01 UTC] PHP   8. WP_Hook->apply_filters() /Users/rickywallace/Local Sites/fancy-lab/app/public/wp-includes/class-wp-hook.php:327
[24-Dec-2021 15:54:01 UTC] PHP Warning:  call_user_func_array() expects parameter 1 to be a valid callback, no array or string given in /Users/rickywallace/Local Sites/fancy-lab/app/public/wp-includes/class-wp-hook.php on line 303
[24-Dec-2021 15:54:01 UTC] PHP Stack trace:
[24-Dec-2021 15:54:01 UTC] PHP   1. {main}() /Users/rickywallace/Local Sites/fancy-lab/app/public/index.php:0
[24-Dec-2021 15:54:01 UTC] PHP   2. require() /Users/rickywallace/Local Sites/fancy-lab/app/public/index.php:17
[24-Dec-2021 15:54:01 UTC] PHP   3. require_once() /Users/rickywallace/Local Sites/fancy-lab/app/public/wp-blog-header.php:13
[24-Dec-2021 15:54:01 UTC] PHP   4. require_once() /Users/rickywallace/Local Sites/fancy-lab/app/public/wp-load.php:50
[24-Dec-2021 15:54:01 UTC] PHP   5. require_once() /Users/rickywallace/Local Sites/fancy-lab/app/public/wp-config.php:77
[24-Dec-2021 15:54:01 UTC] PHP   6. do_action() /Users/rickywallace/Local Sites/fancy-lab/app/public/wp-settings.php:556
[24-Dec-2021 15:54:01 UTC] PHP   7. WP_Hook->do_action() /Users/rickywallace/Local Sites/fancy-lab/app/public/wp-includes/plugin.php:470
[24-Dec-2021 15:54:01 UTC] PHP   8. WP_Hook->apply_filters() /Users/rickywallace/Local Sites/fancy-lab/app/public/wp-includes/class-wp-hook.php:327
[24-Dec-2021 15:54:13 UTC] PHP Warning:  call_user_func_array() expects parameter 1 to be a valid callback, no array or string given in /Users/rickywallace/Local Sites/fancy-lab/app/public/wp-includes/class-wp-hook.php on line 303
[24-Dec-2021 15:54:13 UTC] PHP Stack trace:
[24-Dec-2021 15:54:13 UTC] PHP   1. {main}() /Users/rickywallace/Local Sites/fancy-lab/app/public/wp-admin/admin-ajax.php:0
[24-Dec-2021 15:54:13 UTC] PHP   2. require_once() /Users/rickywallace/Local Sites/fancy-lab/app/public/wp-admin/admin-ajax.php:22
[24-Dec-2021 15:54:13 UTC] PHP   3. require_once() /Users/rickywallace/Local Sites/fancy-lab/app/public/wp-load.php:50
[24-Dec-2021 15:54:13 UTC] PHP   4. require_once() /Users/rickywallace/Local Sites/fancy-lab/app/public/wp-config.php:77
[24-Dec-2021 15:54:13 UTC] PHP   5. do_action() /Users/rickywallace/Local Sites/fancy-lab/app/public/wp-settings.php:556
[24-Dec-2021 15:54:13 UTC] PHP   6. WP_Hook->do_action() /Users/rickywallace/Local Sites/fancy-lab/app/public/wp-includes/plugin.php:470
[24-Dec-2021 15:54:13 UTC] PHP   7. WP_Hook->apply_filters() /Users/rickywallace/Local Sites/fancy-lab/app/public/wp-includes/class-wp-hook.php:327
[24-Dec-2021 15:56:13 UTC] PHP Warning:  call_user_func_array() expects parameter 1 to be a valid callback, no array or string given in /Users/rickywallace/Local Sites/fancy-lab/app/public/wp-includes/class-wp-hook.php on line 303
[24-Dec-2021 15:56:13 UTC] PHP Stack trace:
[24-Dec-2021 15:56:13 UTC] PHP   1. {main}() /Users/rickywallace/Local Sites/fancy-lab/app/public/wp-admin/admin-ajax.php:0
[24-Dec-2021 15:56:13 UTC] PHP   2. require_once() /Users/rickywallace/Local Sites/fancy-lab/app/public/wp-admin/admin-ajax.php:22
[24-Dec-2021 15:56:13 UTC] PHP   3. require_once() /Users/rickywallace/Local Sites/fancy-lab/app/public/wp-load.php:50
[24-Dec-2021 15:56:13 UTC] PHP   4. require_once() /Users/rickywallace/Local Sites/fancy-lab/app/public/wp-config.php:77
[24-Dec-2021 15:56:13 UTC] PHP   5. do_action() /Users/rickywallace/Local Sites/fancy-lab/app/public/wp-settings.php:556
[24-Dec-2021 15:56:13 UTC] PHP   6. WP_Hook->do_action() /Users/rickywallace/Local Sites/fancy-lab/app/public/wp-includes/plugin.php:470
[24-Dec-2021 15:56:13 UTC] PHP   7. WP_Hook->apply_filters() /Users/rickywallace/Local Sites/fancy-lab/app/public/wp-includes/class-wp-hook.php:327
[24-Dec-2021 15:56:13 UTC] PHP Warning:  call_user_func_array() expects parameter 1 to be a valid callback, no array or string given in /Users/rickywallace/Local Sites/fancy-lab/app/public/wp-includes/class-wp-hook.php on line 303
[24-Dec-2021 15:56:13 UTC] PHP Stack trace:
[24-Dec-2021 15:56:13 UTC] PHP   1. {main}() /Users/rickywallace/Local Sites/fancy-lab/app/public/wp-cron.php:0
[24-Dec-2021 15:56:13 UTC] PHP   2. require_once() /Users/rickywallace/Local Sites/fancy-lab/app/public/wp-cron.php:44
[24-Dec-2021 15:56:13 UTC] PHP   3. require_once() /Users/rickywallace/Local Sites/fancy-lab/app/public/wp-load.php:50
[24-Dec-2021 15:56:13 UTC] PHP   4. require_once() /Users/rickywallace/Local Sites/fancy-lab/app/public/wp-config.php:77
[24-Dec-2021 15:56:13 UTC] PHP   5. do_action() /Users/rickywallace/Local Sites/fancy-lab/app/public/wp-settings.php:556
[24-Dec-2021 15:56:13 UTC] PHP   6. WP_Hook->do_action() /Users/rickywallace/Local Sites/fancy-lab/app/public/wp-includes/plugin.php:470
[24-Dec-2021 15:56:13 UTC] PHP   7. WP_Hook->apply_filters() /Users/rickywallace/Local Sites/fancy-lab/app/public/wp-includes/class-wp-hook.php:327
[24-Dec-2021 15:56:15 UTC] PHP Warning:  call_user_func_array() expects parameter 1 to be a valid callback, no array or string given in /Users/rickywallace/Local Sites/fancy-lab/app/public/wp-includes/class-wp-hook.php on line 303
[24-Dec-2021 15:56:15 UTC] PHP Stack trace:
[24-Dec-2021 15:56:15 UTC] PHP   1. {main}() /Users/rickywallace/Local Sites/fancy-lab/app/public/index.php:0
[24-Dec-2021 15:56:15 UTC] PHP   2. require() /Users/rickywallace/Local Sites/fancy-lab/app/public/index.php:17
[24-Dec-2021 15:56:15 UTC] PHP   3. require_once() /Users/rickywallace/Local Sites/fancy-lab/app/public/wp-blog-header.php:13
[24-Dec-2021 15:56:15 UTC] PHP   4. require_once() /Users/rickywallace/Local Sites/fancy-lab/app/public/wp-load.php:50
[24-Dec-2021 15:56:15 UTC] PHP   5. require_once() /Users/rickywallace/Local Sites/fancy-lab/app/public/wp-config.php:77
[24-Dec-2021 15:56:15 UTC] PHP   6. do_action() /Users/rickywallace/Local Sites/fancy-lab/app/public/wp-settings.php:556
[24-Dec-2021 15:56:15 UTC] PHP   7. WP_Hook->do_action() /Users/rickywallace/Local Sites/fancy-lab/app/public/wp-includes/plugin.php:470
[24-Dec-2021 15:56:15 UTC] PHP   8. WP_Hook->apply_filters() /Users/rickywallace/Local Sites/fancy-lab/app/public/wp-includes/class-wp-hook.php:327
[24-Dec-2021 15:57:32 UTC] PHP Warning:  call_user_func_array() expects parameter 1 to be a valid callback, no array or string given in /Users/rickywallace/Local Sites/fancy-lab/app/public/wp-includes/class-wp-hook.php on line 303
[24-Dec-2021 15:57:32 UTC] PHP Stack trace:
[24-Dec-2021 15:57:32 UTC] PHP   1. {main}() /Users/rickywallace/Local Sites/fancy-lab/app/public/index.php:0
[24-Dec-2021 15:57:32 UTC] PHP   2. require() /Users/rickywallace/Local Sites/fancy-lab/app/public/index.php:17
[24-Dec-2021 15:57:32 UTC] PHP   3. require_once() /Users/rickywallace/Local Sites/fancy-lab/app/public/wp-blog-header.php:13
[24-Dec-2021 15:57:32 UTC] PHP   4. require_once() /Users/rickywallace/Local Sites/fancy-lab/app/public/wp-load.php:50
[24-Dec-2021 15:57:32 UTC] PHP   5. require_once() /Users/rickywallace/Local Sites/fancy-lab/app/public/wp-config.php:77
[24-Dec-2021 15:57:32 UTC] PHP   6. do_action() /Users/rickywallace/Local Sites/fancy-lab/app/public/wp-settings.php:556
[24-Dec-2021 15:57:32 UTC] PHP   7. WP_Hook->do_action() /Users/rickywallace/Local Sites/fancy-lab/app/public/wp-includes/plugin.php:470
[24-Dec-2021 15:57:32 UTC] PHP   8. WP_Hook->apply_filters() /Users/rickywallace/Local Sites/fancy-lab/app/public/wp-includes/class-wp-hook.php:327
[24-Dec-2021 15:57:33 UTC] PHP Warning:  call_user_func_array() expects parameter 1 to be a valid callback, no array or string given in /Users/rickywallace/Local Sites/fancy-lab/app/public/wp-includes/class-wp-hook.php on line 303
[24-Dec-2021 15:57:33 UTC] PHP Stack trace:
[24-Dec-2021 15:57:33 UTC] PHP   1. {main}() /Users/rickywallace/Local Sites/fancy-lab/app/public/index.php:0
[24-Dec-2021 15:57:33 UTC] PHP   2. require() /Users/rickywallace/Local Sites/fancy-lab/app/public/index.php:17
[24-Dec-2021 15:57:33 UTC] PHP   3. require_once() /Users/rickywallace/Local Sites/fancy-lab/app/public/wp-blog-header.php:13
[24-Dec-2021 15:57:33 UTC] PHP   4. require_once() /Users/rickywallace/Local Sites/fancy-lab/app/public/wp-load.php:50
[24-Dec-2021 15:57:33 UTC] PHP   5. require_once() /Users/rickywallace/Local Sites/fancy-lab/app/public/wp-config.php:77
[24-Dec-2021 15:57:33 UTC] PHP   6. do_action() /Users/rickywallace/Local Sites/fancy-lab/app/public/wp-settings.php:556
[24-Dec-2021 15:57:33 UTC] PHP   7. WP_Hook->do_action() /Users/rickywallace/Local Sites/fancy-lab/app/public/wp-includes/plugin.php:470
[24-Dec-2021 15:57:33 UTC] PHP   8. WP_Hook->apply_filters() /Users/rickywallace/Local Sites/fancy-lab/app/public/wp-includes/class-wp-hook.php:327
[24-Dec-2021 15:58:13 UTC] PHP Warning:  call_user_func_array() expects parameter 1 to be a valid callback, no array or string given in /Users/rickywallace/Local Sites/fancy-lab/app/public/wp-includes/class-wp-hook.php on line 303
[24-Dec-2021 15:58:13 UTC] PHP Stack trace:
[24-Dec-2021 15:58:13 UTC] PHP   1. {main}() /Users/rickywallace/Local Sites/fancy-lab/app/public/wp-admin/admin-ajax.php:0
[24-Dec-2021 15:58:13 UTC] PHP   2. require_once() /Users/rickywallace/Local Sites/fancy-lab/app/public/wp-admin/admin-ajax.php:22
[24-Dec-2021 15:58:13 UTC] PHP   3. require_once() /Users/rickywallace/Local Sites/fancy-lab/app/public/wp-load.php:50
[24-Dec-2021 15:58:13 UTC] PHP   4. require_once() /Users/rickywallace/Local Sites/fancy-lab/app/public/wp-config.php:77
[24-Dec-2021 15:58:13 UTC] PHP   5. do_action() /Users/rickywallace/Local Sites/fancy-lab/app/public/wp-settings.php:556
[24-Dec-2021 15:58:13 UTC] PHP   6. WP_Hook->do_action() /Users/rickywallace/Local Sites/fancy-lab/app/public/wp-includes/plugin.php:470
[24-Dec-2021 15:58:13 UTC] PHP   7. WP_Hook->apply_filters() /Users/rickywallace/Local Sites/fancy-lab/app/public/wp-includes/class-wp-hook.php:327
[24-Dec-2021 16:00:14 UTC] PHP Warning:  call_user_func_array() expects parameter 1 to be a valid callback, no array or string given in /Users/rickywallace/Local Sites/fancy-lab/app/public/wp-includes/class-wp-hook.php on line 303
[24-Dec-2021 16:00:14 UTC] PHP Stack trace:
[24-Dec-2021 16:00:14 UTC] PHP   1. {main}() /Users/rickywallace/Local Sites/fancy-lab/app/public/wp-admin/admin-ajax.php:0
[24-Dec-2021 16:00:14 UTC] PHP   2. require_once() /Users/rickywallace/Local Sites/fancy-lab/app/public/wp-admin/admin-ajax.php:22
[24-Dec-2021 16:00:14 UTC] PHP   3. require_once() /Users/rickywallace/Local Sites/fancy-lab/app/public/wp-load.php:50
[24-Dec-2021 16:00:14 UTC] PHP   4. require_once() /Users/rickywallace/Local Sites/fancy-lab/app/public/wp-config.php:77
[24-Dec-2021 16:00:14 UTC] PHP   5. do_action() /Users/rickywallace/Local Sites/fancy-lab/app/public/wp-settings.php:556
[24-Dec-2021 16:00:14 UTC] PHP   6. WP_Hook->do_action() /Users/rickywallace/Local Sites/fancy-lab/app/public/wp-includes/plugin.php:470
[24-Dec-2021 16:00:14 UTC] PHP   7. WP_Hook->apply_filters() /Users/rickywallace/Local Sites/fancy-lab/app/public/wp-includes/class-wp-hook.php:327
[24-Dec-2021 16:02:14 UTC] PHP Warning:  call_user_func_array() expects parameter 1 to be a valid callback, no array or string given in /Users/rickywallace/Local Sites/fancy-lab/app/public/wp-includes/class-wp-hook.php on line 303
[24-Dec-2021 16:02:14 UTC] PHP Stack trace:
[24-Dec-2021 16:02:14 UTC] PHP   1. {main}() /Users/rickywallace/Local Sites/fancy-lab/app/public/wp-admin/admin-ajax.php:0
[24-Dec-2021 16:02:14 UTC] PHP   2. require_once() /Users/rickywallace/Local Sites/fancy-lab/app/public/wp-admin/admin-ajax.php:22
[24-Dec-2021 16:02:14 UTC] PHP   3. require_once() /Users/rickywallace/Local Sites/fancy-lab/app/public/wp-load.php:50
[24-Dec-2021 16:02:14 UTC] PHP   4. require_once() /Users/rickywallace/Local Sites/fancy-lab/app/public/wp-config.php:77
[24-Dec-2021 16:02:14 UTC] PHP   5. do_action() /Users/rickywallace/Local Sites/fancy-lab/app/public/wp-settings.php:556
[24-Dec-2021 16:02:14 UTC] PHP   6. WP_Hook->do_action() /Users/rickywallace/Local Sites/fancy-lab/app/public/wp-includes/plugin.php:470
[24-Dec-2021 16:02:14 UTC] PHP   7. WP_Hook->apply_filters() /Users/rickywallace/Local Sites/fancy-lab/app/public/wp-includes/class-wp-hook.php:327
[24-Dec-2021 16:02:24 UTC] PHP Warning:  call_user_func_array() expects parameter 1 to be a valid callback, no array or string given in /Users/rickywallace/Local Sites/fancy-lab/app/public/wp-includes/class-wp-hook.php on line 303
[24-Dec-2021 16:02:24 UTC] PHP Stack trace:
[24-Dec-2021 16:02:24 UTC] PHP   1. {main}() /Users/rickywallace/Local Sites/fancy-lab/app/public/index.php:0
[24-Dec-2021 16:02:24 UTC] PHP   2. require() /Users/rickywallace/Local Sites/fancy-lab/app/public/index.php:17
[24-Dec-2021 16:02:24 UTC] PHP   3. require_once() /Users/rickywallace/Local Sites/fancy-lab/app/public/wp-blog-header.php:13
[24-Dec-2021 16:02:24 UTC] PHP   4. require_once() /Users/rickywallace/Local Sites/fancy-lab/app/public/wp-load.php:50
[24-Dec-2021 16:02:24 UTC] PHP   5. require_once() /Users/rickywallace/Local Sites/fancy-lab/app/public/wp-config.php:77
[24-Dec-2021 16:02:24 UTC] PHP   6. do_action() /Users/rickywallace/Local Sites/fancy-lab/app/public/wp-settings.php:556
[24-Dec-2021 16:02:24 UTC] PHP   7. WP_Hook->do_action() /Users/rickywallace/Local Sites/fancy-lab/app/public/wp-includes/plugin.php:470
[24-Dec-2021 16:02:24 UTC] PHP   8. WP_Hook->apply_filters() /Users/rickywallace/Local Sites/fancy-lab/app/public/wp-includes/class-wp-hook.php:327
[24-Dec-2021 16:02:25 UTC] PHP Warning:  call_user_func_array() expects parameter 1 to be a valid callback, no array or string given in /Users/rickywallace/Local Sites/fancy-lab/app/public/wp-includes/class-wp-hook.php on line 303
[24-Dec-2021 16:02:25 UTC] PHP Stack trace:
[24-Dec-2021 16:02:25 UTC] PHP   1. {main}() /Users/rickywallace/Local Sites/fancy-lab/app/public/index.php:0
[24-Dec-2021 16:02:25 UTC] PHP   2. require() /Users/rickywallace/Local Sites/fancy-lab/app/public/index.php:17
[24-Dec-2021 16:02:25 UTC] PHP   3. require_once() /Users/rickywallace/Local Sites/fancy-lab/app/public/wp-blog-header.php:13
[24-Dec-2021 16:02:25 UTC] PHP   4. require_once() /Users/rickywallace/Local Sites/fancy-lab/app/public/wp-load.php:50
[24-Dec-2021 16:02:25 UTC] PHP   5. require_once() /Users/rickywallace/Local Sites/fancy-lab/app/public/wp-config.php:77
[24-Dec-2021 16:02:25 UTC] PHP   6. do_action() /Users/rickywallace/Local Sites/fancy-lab/app/public/wp-settings.php:556
[24-Dec-2021 16:02:25 UTC] PHP   7. WP_Hook->do_action() /Users/rickywallace/Local Sites/fancy-lab/app/public/wp-includes/plugin.php:470
[24-Dec-2021 16:02:25 UTC] PHP   8. WP_Hook->apply_filters() /Users/rickywallace/Local Sites/fancy-lab/app/public/wp-includes/class-wp-hook.php:327
[24-Dec-2021 16:02:35 UTC] PHP Warning:  call_user_func_array() expects parameter 1 to be a valid callback, no array or string given in /Users/rickywallace/Local Sites/fancy-lab/app/public/wp-includes/class-wp-hook.php on line 303
[24-Dec-2021 16:02:35 UTC] PHP Stack trace:
[24-Dec-2021 16:02:35 UTC] PHP   1. {main}() /Users/rickywallace/Local Sites/fancy-lab/app/public/index.php:0
[24-Dec-2021 16:02:35 UTC] PHP   2. require() /Users/rickywallace/Local Sites/fancy-lab/app/public/index.php:17
[24-Dec-2021 16:02:35 UTC] PHP   3. require_once() /Users/rickywallace/Local Sites/fancy-lab/app/public/wp-blog-header.php:13
[24-Dec-2021 16:02:35 UTC] PHP   4. require_once() /Users/rickywallace/Local Sites/fancy-lab/app/public/wp-load.php:50
[24-Dec-2021 16:02:35 UTC] PHP   5. require_once() /Users/rickywallace/Local Sites/fancy-lab/app/public/wp-config.php:77
[24-Dec-2021 16:02:35 UTC] PHP   6. do_action() /Users/rickywallace/Local Sites/fancy-lab/app/public/wp-settings.php:556
[24-Dec-2021 16:02:35 UTC] PHP   7. WP_Hook->do_action() /Users/rickywallace/Local Sites/fancy-lab/app/public/wp-includes/plugin.php:470
[24-Dec-2021 16:02:35 UTC] PHP   8. WP_Hook->apply_filters() /Users/rickywallace/Local Sites/fancy-lab/app/public/wp-includes/class-wp-hook.php:327
[24-Dec-2021 16:02:35 UTC] PHP Warning:  call_user_func_array() expects parameter 1 to be a valid callback, no array or string given in /Users/rickywallace/Local Sites/fancy-lab/app/public/wp-includes/class-wp-hook.php on line 303
[24-Dec-2021 16:02:35 UTC] PHP Stack trace:
[24-Dec-2021 16:02:35 UTC] PHP   1. {main}() /Users/rickywallace/Local Sites/fancy-lab/app/public/index.php:0
[24-Dec-2021 16:02:35 UTC] PHP   2. require() /Users/rickywallace/Local Sites/fancy-lab/app/public/index.php:17
[24-Dec-2021 16:02:35 UTC] PHP   3. require_once() /Users/rickywallace/Local Sites/fancy-lab/app/public/wp-blog-header.php:13
[24-Dec-2021 16:02:35 UTC] PHP   4. require_once() /Users/rickywallace/Local Sites/fancy-lab/app/public/wp-load.php:50
[24-Dec-2021 16:02:35 UTC] PHP   5. require_once() /Users/rickywallace/Local Sites/fancy-lab/app/public/wp-config.php:77
[24-Dec-2021 16:02:35 UTC] PHP   6. do_action() /Users/rickywallace/Local Sites/fancy-lab/app/public/wp-settings.php:556
[24-Dec-2021 16:02:35 UTC] PHP   7. WP_Hook->do_action() /Users/rickywallace/Local Sites/fancy-lab/app/public/wp-includes/plugin.php:470
[24-Dec-2021 16:02:35 UTC] PHP   8. WP_Hook->apply_filters() /Users/rickywallace/Local Sites/fancy-lab/app/public/wp-includes/class-wp-hook.php:327
[24-Dec-2021 16:04:15 UTC] PHP Warning:  call_user_func_array() expects parameter 1 to be a valid callback, no array or string given in /Users/rickywallace/Local Sites/fancy-lab/app/public/wp-includes/class-wp-hook.php on line 303
[24-Dec-2021 16:04:15 UTC] PHP Stack trace:
[24-Dec-2021 16:04:15 UTC] PHP   1. {main}() /Users/rickywallace/Local Sites/fancy-lab/app/public/wp-admin/admin-ajax.php:0
[24-Dec-2021 16:04:15 UTC] PHP   2. require_once() /Users/rickywallace/Local Sites/fancy-lab/app/public/wp-admin/admin-ajax.php:22
[24-Dec-2021 16:04:15 UTC] PHP   3. require_once() /Users/rickywallace/Local Sites/fancy-lab/app/public/wp-load.php:50
[24-Dec-2021 16:04:15 UTC] PHP   4. require_once() /Users/rickywallace/Local Sites/fancy-lab/app/public/wp-config.php:77
[24-Dec-2021 16:04:15 UTC] PHP   5. do_action() /Users/rickywallace/Local Sites/fancy-lab/app/public/wp-settings.php:556
[24-Dec-2021 16:04:15 UTC] PHP   6. WP_Hook->do_action() /Users/rickywallace/Local Sites/fancy-lab/app/public/wp-includes/plugin.php:470
[24-Dec-2021 16:04:15 UTC] PHP   7. WP_Hook->apply_filters() /Users/rickywallace/Local Sites/fancy-lab/app/public/wp-includes/class-wp-hook.php:327
[24-Dec-2021 16:06:15 UTC] PHP Warning:  call_user_func_array() expects parameter 1 to be a valid callback, no array or string given in /Users/rickywallace/Local Sites/fancy-lab/app/public/wp-includes/class-wp-hook.php on line 303
[24-Dec-2021 16:06:15 UTC] PHP Stack trace:
[24-Dec-2021 16:06:15 UTC] PHP   1. {main}() /Users/rickywallace/Local Sites/fancy-lab/app/public/wp-admin/admin-ajax.php:0
[24-Dec-2021 16:06:15 UTC] PHP   2. require_once() /Users/rickywallace/Local Sites/fancy-lab/app/public/wp-admin/admin-ajax.php:22
[24-Dec-2021 16:06:15 UTC] PHP   3. require_once() /Users/rickywallace/Local Sites/fancy-lab/app/public/wp-load.php:50
[24-Dec-2021 16:06:15 UTC] PHP   4. require_once() /Users/rickywallace/Local Sites/fancy-lab/app/public/wp-config.php:77
[24-Dec-2021 16:06:15 UTC] PHP   5. do_action() /Users/rickywallace/Local Sites/fancy-lab/app/public/wp-settings.php:556
[24-Dec-2021 16:06:15 UTC] PHP   6. WP_Hook->do_action() /Users/rickywallace/Local Sites/fancy-lab/app/public/wp-includes/plugin.php:470
[24-Dec-2021 16:06:15 UTC] PHP   7. WP_Hook->apply_filters() /Users/rickywallace/Local Sites/fancy-lab/app/public/wp-includes/class-wp-hook.php:327
[24-Dec-2021 16:08:16 UTC] PHP Warning:  call_user_func_array() expects parameter 1 to be a valid callback, no array or string given in /Users/rickywallace/Local Sites/fancy-lab/app/public/wp-includes/class-wp-hook.php on line 303
[24-Dec-2021 16:08:16 UTC] PHP Stack trace:
[24-Dec-2021 16:08:16 UTC] PHP   1. {main}() /Users/rickywallace/Local Sites/fancy-lab/app/public/wp-admin/admin-ajax.php:0
[24-Dec-2021 16:08:16 UTC] PHP   2. require_once() /Users/rickywallace/Local Sites/fancy-lab/app/public/wp-admin/admin-ajax.php:22
[24-Dec-2021 16:08:16 UTC] PHP   3. require_once() /Users/rickywallace/Local Sites/fancy-lab/app/public/wp-load.php:50
[24-Dec-2021 16:08:16 UTC] PHP   4. require_once() /Users/rickywallace/Local Sites/fancy-lab/app/public/wp-config.php:77
[24-Dec-2021 16:08:16 UTC] PHP   5. do_action() /Users/rickywallace/Local Sites/fancy-lab/app/public/wp-settings.php:556
[24-Dec-2021 16:08:16 UTC] PHP   6. WP_Hook->do_action() /Users/rickywallace/Local Sites/fancy-lab/app/public/wp-includes/plugin.php:470
[24-Dec-2021 16:08:16 UTC] PHP   7. WP_Hook->apply_filters() /Users/rickywallace/Local Sites/fancy-lab/app/public/wp-includes/class-wp-hook.php:327
[24-Dec-2021 16:10:16 UTC] PHP Warning:  call_user_func_array() expects parameter 1 to be a valid callback, no array or string given in /Users/rickywallace/Local Sites/fancy-lab/app/public/wp-includes/class-wp-hook.php on line 303
[24-Dec-2021 16:10:16 UTC] PHP Stack trace:
[24-Dec-2021 16:10:16 UTC] PHP   1. {main}() /Users/rickywallace/Local Sites/fancy-lab/app/public/wp-admin/admin-ajax.php:0
[24-Dec-2021 16:10:16 UTC] PHP   2. require_once() /Users/rickywallace/Local Sites/fancy-lab/app/public/wp-admin/admin-ajax.php:22
[24-Dec-2021 16:10:16 UTC] PHP   3. require_once() /Users/rickywallace/Local Sites/fancy-lab/app/public/wp-load.php:50
[24-Dec-2021 16:10:16 UTC] PHP   4. require_once() /Users/rickywallace/Local Sites/fancy-lab/app/public/wp-config.php:77
[24-Dec-2021 16:10:16 UTC] PHP   5. do_action() /Users/rickywallace/Local Sites/fancy-lab/app/public/wp-settings.php:556
[24-Dec-2021 16:10:16 UTC] PHP   6. WP_Hook->do_action() /Users/rickywallace/Local Sites/fancy-lab/app/public/wp-includes/plugin.php:470
[24-Dec-2021 16:10:16 UTC] PHP   7. WP_Hook->apply_filters() /Users/rickywallace/Local Sites/fancy-lab/app/public/wp-includes/class-wp-hook.php:327
[24-Dec-2021 16:12:17 UTC] PHP Warning:  call_user_func_array() expects parameter 1 to be a valid callback, no array or string given in /Users/rickywallace/Local Sites/fancy-lab/app/public/wp-includes/class-wp-hook.php on line 303
[24-Dec-2021 16:12:17 UTC] PHP Stack trace:
[24-Dec-2021 16:12:17 UTC] PHP   1. {main}() /Users/rickywallace/Local Sites/fancy-lab/app/public/wp-admin/admin-ajax.php:0
[24-Dec-2021 16:12:17 UTC] PHP   2. require_once() /Users/rickywallace/Local Sites/fancy-lab/app/public/wp-admin/admin-ajax.php:22
[24-Dec-2021 16:12:17 UTC] PHP   3. require_once() /Users/rickywallace/Local Sites/fancy-lab/app/public/wp-load.php:50
[24-Dec-2021 16:12:17 UTC] PHP   4. require_once() /Users/rickywallace/Local Sites/fancy-lab/app/public/wp-config.php:77
[24-Dec-2021 16:12:17 UTC] PHP   5. do_action() /Users/rickywallace/Local Sites/fancy-lab/app/public/wp-settings.php:556
[24-Dec-2021 16:12:17 UTC] PHP   6. WP_Hook->do_action() /Users/rickywallace/Local Sites/fancy-lab/app/public/wp-includes/plugin.php:470
[24-Dec-2021 16:12:17 UTC] PHP   7. WP_Hook->apply_filters() /Users/rickywallace/Local Sites/fancy-lab/app/public/wp-includes/class-wp-hook.php:327
[24-Dec-2021 16:14:18 UTC] PHP Warning:  call_user_func_array() expects parameter 1 to be a valid callback, no array or string given in /Users/rickywallace/Local Sites/fancy-lab/app/public/wp-includes/class-wp-hook.php on line 303
[24-Dec-2021 16:14:18 UTC] PHP Stack trace:
[24-Dec-2021 16:14:18 UTC] PHP   1. {main}() /Users/rickywallace/Local Sites/fancy-lab/app/public/wp-admin/admin-ajax.php:0
[24-Dec-2021 16:14:18 UTC] PHP   2. require_once() /Users/rickywallace/Local Sites/fancy-lab/app/public/wp-admin/admin-ajax.php:22
[24-Dec-2021 16:14:18 UTC] PHP   3. require_once() /Users/rickywallace/Local Sites/fancy-lab/app/public/wp-load.php:50
[24-Dec-2021 16:14:18 UTC] PHP   4. require_once() /Users/rickywallace/Local Sites/fancy-lab/app/public/wp-config.php:77
[24-Dec-2021 16:14:18 UTC] PHP   5. do_action() /Users/rickywallace/Local Sites/fancy-lab/app/public/wp-settings.php:556
[24-Dec-2021 16:14:18 UTC] PHP   6. WP_Hook->do_action() /Users/rickywallace/Local Sites/fancy-lab/app/public/wp-includes/plugin.php:470
[24-Dec-2021 16:14:18 UTC] PHP   7. WP_Hook->apply_filters() /Users/rickywallace/Local Sites/fancy-lab/app/public/wp-includes/class-wp-hook.php:327
[24-Dec-2021 16:16:19 UTC] PHP Warning:  call_user_func_array() expects parameter 1 to be a valid callback, no array or string given in /Users/rickywallace/Local Sites/fancy-lab/app/public/wp-includes/class-wp-hook.php on line 303
[24-Dec-2021 16:16:19 UTC] PHP Stack trace:
[24-Dec-2021 16:16:19 UTC] PHP   1. {main}() /Users/rickywallace/Local Sites/fancy-lab/app/public/wp-admin/admin-ajax.php:0
[24-Dec-2021 16:16:19 UTC] PHP   2. require_once() /Users/rickywallace/Local Sites/fancy-lab/app/public/wp-admin/admin-ajax.php:22
[24-Dec-2021 16:16:19 UTC] PHP   3. require_once() /Users/rickywallace/Local Sites/fancy-lab/app/public/wp-load.php:50
[24-Dec-2021 16:16:19 UTC] PHP   4. require_once() /Users/rickywallace/Local Sites/fancy-lab/app/public/wp-config.php:77
[24-Dec-2021 16:16:19 UTC] PHP   5. do_action() /Users/rickywallace/Local Sites/fancy-lab/app/public/wp-settings.php:556
[24-Dec-2021 16:16:19 UTC] PHP   6. WP_Hook->do_action() /Users/rickywallace/Local Sites/fancy-lab/app/public/wp-includes/plugin.php:470
[24-Dec-2021 16:16:19 UTC] PHP   7. WP_Hook->apply_filters() /Users/rickywallace/Local Sites/fancy-lab/app/public/wp-includes/class-wp-hook.php:327
[24-Dec-2021 16:18:20 UTC] PHP Warning:  call_user_func_array() expects parameter 1 to be a valid callback, no array or string given in /Users/rickywallace/Local Sites/fancy-lab/app/public/wp-includes/class-wp-hook.php on line 303
[24-Dec-2021 16:18:20 UTC] PHP Stack trace:
[24-Dec-2021 16:18:20 UTC] PHP   1. {main}() /Users/rickywallace/Local Sites/fancy-lab/app/public/wp-admin/admin-ajax.php:0
[24-Dec-2021 16:18:20 UTC] PHP   2. require_once() /Users/rickywallace/Local Sites/fancy-lab/app/public/wp-admin/admin-ajax.php:22
[24-Dec-2021 16:18:20 UTC] PHP   3. require_once() /Users/rickywallace/Local Sites/fancy-lab/app/public/wp-load.php:50
[24-Dec-2021 16:18:20 UTC] PHP   4. require_once() /Users/rickywallace/Local Sites/fancy-lab/app/public/wp-config.php:77
[24-Dec-2021 16:18:20 UTC] PHP   5. do_action() /Users/rickywallace/Local Sites/fancy-lab/app/public/wp-settings.php:556
[24-Dec-2021 16:18:20 UTC] PHP   6. WP_Hook->do_action() /Users/rickywallace/Local Sites/fancy-lab/app/public/wp-includes/plugin.php:470
[24-Dec-2021 16:18:20 UTC] PHP   7. WP_Hook->apply_filters() /Users/rickywallace/Local Sites/fancy-lab/app/public/wp-includes/class-wp-hook.php:327
[24-Dec-2021 16:20:20 UTC] PHP Warning:  call_user_func_array() expects parameter 1 to be a valid callback, no array or string given in /Users/rickywallace/Local Sites/fancy-lab/app/public/wp-includes/class-wp-hook.php on line 303
[24-Dec-2021 16:20:20 UTC] PHP Stack trace:
[24-Dec-2021 16:20:20 UTC] PHP   1. {main}() /Users/rickywallace/Local Sites/fancy-lab/app/public/wp-admin/admin-ajax.php:0
[24-Dec-2021 16:20:20 UTC] PHP   2. require_once() /Users/rickywallace/Local Sites/fancy-lab/app/public/wp-admin/admin-ajax.php:22
[24-Dec-2021 16:20:20 UTC] PHP   3. require_once() /Users/rickywallace/Local Sites/fancy-lab/app/public/wp-load.php:50
[24-Dec-2021 16:20:20 UTC] PHP   4. require_once() /Users/rickywallace/Local Sites/fancy-lab/app/public/wp-config.php:77
[24-Dec-2021 16:20:20 UTC] PHP   5. do_action() /Users/rickywallace/Local Sites/fancy-lab/app/public/wp-settings.php:556
[24-Dec-2021 16:20:20 UTC] PHP   6. WP_Hook->do_action() /Users/rickywallace/Local Sites/fancy-lab/app/public/wp-includes/plugin.php:470
[24-Dec-2021 16:20:20 UTC] PHP   7. WP_Hook->apply_filters() /Users/rickywallace/Local Sites/fancy-lab/app/public/wp-includes/class-wp-hook.php:327
[24-Dec-2021 16:22:21 UTC] PHP Warning:  call_user_func_array() expects parameter 1 to be a valid callback, no array or string given in /Users/rickywallace/Local Sites/fancy-lab/app/public/wp-includes/class-wp-hook.php on line 303
[24-Dec-2021 16:22:21 UTC] PHP Stack trace:
[24-Dec-2021 16:22:21 UTC] PHP   1. {main}() /Users/rickywallace/Local Sites/fancy-lab/app/public/wp-admin/admin-ajax.php:0
[24-Dec-2021 16:22:21 UTC] PHP   2. require_once() /Users/rickywallace/Local Sites/fancy-lab/app/public/wp-admin/admin-ajax.php:22
[24-Dec-2021 16:22:21 UTC] PHP   3. require_once() /Users/rickywallace/Local Sites/fancy-lab/app/public/wp-load.php:50
[24-Dec-2021 16:22:21 UTC] PHP   4. require_once() /Users/rickywallace/Local Sites/fancy-lab/app/public/wp-config.php:77
[24-Dec-2021 16:22:21 UTC] PHP   5. do_action() /Users/rickywallace/Local Sites/fancy-lab/app/public/wp-settings.php:556
[24-Dec-2021 16:22:21 UTC] PHP   6. WP_Hook->do_action() /Users/rickywallace/Local Sites/fancy-lab/app/public/wp-includes/plugin.php:470
[24-Dec-2021 16:22:21 UTC] PHP   7. WP_Hook->apply_filters() /Users/rickywallace/Local Sites/fancy-lab/app/public/wp-includes/class-wp-hook.php:327
[24-Dec-2021 16:24:22 UTC] PHP Warning:  call_user_func_array() expects parameter 1 to be a valid callback, no array or string given in /Users/rickywallace/Local Sites/fancy-lab/app/public/wp-includes/class-wp-hook.php on line 303
[24-Dec-2021 16:24:22 UTC] PHP Stack trace:
[24-Dec-2021 16:24:22 UTC] PHP   1. {main}() /Users/rickywallace/Local Sites/fancy-lab/app/public/wp-admin/admin-ajax.php:0
[24-Dec-2021 16:24:22 UTC] PHP   2. require_once() /Users/rickywallace/Local Sites/fancy-lab/app/public/wp-admin/admin-ajax.php:22
[24-Dec-2021 16:24:22 UTC] PHP   3. require_once() /Users/rickywallace/Local Sites/fancy-lab/app/public/wp-load.php:50
[24-Dec-2021 16:24:22 UTC] PHP   4. require_once() /Users/rickywallace/Local Sites/fancy-lab/app/public/wp-config.php:77
[24-Dec-2021 16:24:22 UTC] PHP   5. do_action() /Users/rickywallace/Local Sites/fancy-lab/app/public/wp-settings.php:556
[24-Dec-2021 16:24:22 UTC] PHP   6. WP_Hook->do_action() /Users/rickywallace/Local Sites/fancy-lab/app/public/wp-includes/plugin.php:470
[24-Dec-2021 16:24:22 UTC] PHP   7. WP_Hook->apply_filters() /Users/rickywallace/Local Sites/fancy-lab/app/public/wp-includes/class-wp-hook.php:327
[24-Dec-2021 16:26:23 UTC] PHP Warning:  call_user_func_array() expects parameter 1 to be a valid callback, no array or string given in /Users/rickywallace/Local Sites/fancy-lab/app/public/wp-includes/class-wp-hook.php on line 303
[24-Dec-2021 16:26:23 UTC] PHP Stack trace:
[24-Dec-2021 16:26:23 UTC] PHP   1. {main}() /Users/rickywallace/Local Sites/fancy-lab/app/public/wp-admin/admin-ajax.php:0
[24-Dec-2021 16:26:23 UTC] PHP   2. require_once() /Users/rickywallace/Local Sites/fancy-lab/app/public/wp-admin/admin-ajax.php:22
[24-Dec-2021 16:26:23 UTC] PHP   3. require_once() /Users/rickywallace/Local Sites/fancy-lab/app/public/wp-load.php:50
[24-Dec-2021 16:26:23 UTC] PHP   4. require_once() /Users/rickywallace/Local Sites/fancy-lab/app/public/wp-config.php:77
[24-Dec-2021 16:26:23 UTC] PHP   5. do_action() /Users/rickywallace/Local Sites/fancy-lab/app/public/wp-settings.php:556
[24-Dec-2021 16:26:23 UTC] PHP   6. WP_Hook->do_action() /Users/rickywallace/Local Sites/fancy-lab/app/public/wp-includes/plugin.php:470
[24-Dec-2021 16:26:23 UTC] PHP   7. WP_Hook->apply_filters() /Users/rickywallace/Local Sites/fancy-lab/app/public/wp-includes/class-wp-hook.php:327
[24-Dec-2021 16:28:24 UTC] PHP Warning:  call_user_func_array() expects parameter 1 to be a valid callback, no array or string given in /Users/rickywallace/Local Sites/fancy-lab/app/public/wp-includes/class-wp-hook.php on line 303
[24-Dec-2021 16:28:24 UTC] PHP Stack trace:
[24-Dec-2021 16:28:24 UTC] PHP   1. {main}() /Users/rickywallace/Local Sites/fancy-lab/app/public/wp-admin/admin-ajax.php:0
[24-Dec-2021 16:28:24 UTC] PHP   2. require_once() /Users/rickywallace/Local Sites/fancy-lab/app/public/wp-admin/admin-ajax.php:22
[24-Dec-2021 16:28:24 UTC] PHP   3. require_once() /Users/rickywallace/Local Sites/fancy-lab/app/public/wp-load.php:50
[24-Dec-2021 16:28:24 UTC] PHP   4. require_once() /Users/rickywallace/Local Sites/fancy-lab/app/public/wp-config.php:77
[24-Dec-2021 16:28:24 UTC] PHP   5. do_action() /Users/rickywallace/Local Sites/fancy-lab/app/public/wp-settings.php:556
[24-Dec-2021 16:28:24 UTC] PHP   6. WP_Hook->do_action() /Users/rickywallace/Local Sites/fancy-lab/app/public/wp-includes/plugin.php:470
[24-Dec-2021 16:28:24 UTC] PHP   7. WP_Hook->apply_filters() /Users/rickywallace/Local Sites/fancy-lab/app/public/wp-includes/class-wp-hook.php:327
[24-Dec-2021 16:30:24 UTC] PHP Warning:  call_user_func_array() expects parameter 1 to be a valid callback, no array or string given in /Users/rickywallace/Local Sites/fancy-lab/app/public/wp-includes/class-wp-hook.php on line 303
[24-Dec-2021 16:30:24 UTC] PHP Stack trace:
[24-Dec-2021 16:30:24 UTC] PHP   1. {main}() /Users/rickywallace/Local Sites/fancy-lab/app/public/wp-admin/admin-ajax.php:0
[24-Dec-2021 16:30:24 UTC] PHP   2. require_once() /Users/rickywallace/Local Sites/fancy-lab/app/public/wp-admin/admin-ajax.php:22
[24-Dec-2021 16:30:24 UTC] PHP   3. require_once() /Users/rickywallace/Local Sites/fancy-lab/app/public/wp-load.php:50
[24-Dec-2021 16:30:24 UTC] PHP   4. require_once() /Users/rickywallace/Local Sites/fancy-lab/app/public/wp-config.php:77
[24-Dec-2021 16:30:24 UTC] PHP   5. do_action() /Users/rickywallace/Local Sites/fancy-lab/app/public/wp-settings.php:556
[24-Dec-2021 16:30:24 UTC] PHP   6. WP_Hook->do_action() /Users/rickywallace/Local Sites/fancy-lab/app/public/wp-includes/plugin.php:470
[24-Dec-2021 16:30:24 UTC] PHP   7. WP_Hook->apply_filters() /Users/rickywallace/Local Sites/fancy-lab/app/public/wp-includes/class-wp-hook.php:327
[24-Dec-2021 16:32:24 UTC] PHP Warning:  call_user_func_array() expects parameter 1 to be a valid callback, no array or string given in /Users/rickywallace/Local Sites/fancy-lab/app/public/wp-includes/class-wp-hook.php on line 303
[24-Dec-2021 16:32:24 UTC] PHP Stack trace:
[24-Dec-2021 16:32:24 UTC] PHP   1. {main}() /Users/rickywallace/Local Sites/fancy-lab/app/public/wp-admin/admin-ajax.php:0
[24-Dec-2021 16:32:24 UTC] PHP   2. require_once() /Users/rickywallace/Local Sites/fancy-lab/app/public/wp-admin/admin-ajax.php:22
[24-Dec-2021 16:32:24 UTC] PHP   3. require_once() /Users/rickywallace/Local Sites/fancy-lab/app/public/wp-load.php:50
[24-Dec-2021 16:32:24 UTC] PHP   4. require_once() /Users/rickywallace/Local Sites/fancy-lab/app/public/wp-config.php:77
[24-Dec-2021 16:32:24 UTC] PHP   5. do_action() /Users/rickywallace/Local Sites/fancy-lab/app/public/wp-settings.php:556
[24-Dec-2021 16:32:24 UTC] PHP   6. WP_Hook->do_action() /Users/rickywallace/Local Sites/fancy-lab/app/public/wp-includes/plugin.php:470
[24-Dec-2021 16:32:24 UTC] PHP   7. WP_Hook->apply_filters() /Users/rickywallace/Local Sites/fancy-lab/app/public/wp-includes/class-wp-hook.php:327
[24-Dec-2021 16:34:25 UTC] PHP Warning:  call_user_func_array() expects parameter 1 to be a valid callback, no array or string given in /Users/rickywallace/Local Sites/fancy-lab/app/public/wp-includes/class-wp-hook.php on line 303
[24-Dec-2021 16:34:25 UTC] PHP Stack trace:
[24-Dec-2021 16:34:25 UTC] PHP   1. {main}() /Users/rickywallace/Local Sites/fancy-lab/app/public/wp-admin/admin-ajax.php:0
[24-Dec-2021 16:34:25 UTC] PHP   2. require_once() /Users/rickywallace/Local Sites/fancy-lab/app/public/wp-admin/admin-ajax.php:22
[24-Dec-2021 16:34:25 UTC] PHP   3. require_once() /Users/rickywallace/Local Sites/fancy-lab/app/public/wp-load.php:50
[24-Dec-2021 16:34:25 UTC] PHP   4. require_once() /Users/rickywallace/Local Sites/fancy-lab/app/public/wp-config.php:77
[24-Dec-2021 16:34:25 UTC] PHP   5. do_action() /Users/rickywallace/Local Sites/fancy-lab/app/public/wp-settings.php:556
[24-Dec-2021 16:34:25 UTC] PHP   6. WP_Hook->do_action() /Users/rickywallace/Local Sites/fancy-lab/app/public/wp-includes/plugin.php:470
[24-Dec-2021 16:34:25 UTC] PHP   7. WP_Hook->apply_filters() /Users/rickywallace/Local Sites/fancy-lab/app/public/wp-includes/class-wp-hook.php:327
[24-Dec-2021 16:36:26 UTC] PHP Warning:  call_user_func_array() expects parameter 1 to be a valid callback, no array or string given in /Users/rickywallace/Local Sites/fancy-lab/app/public/wp-includes/class-wp-hook.php on line 303
[24-Dec-2021 16:36:26 UTC] PHP Stack trace:
[24-Dec-2021 16:36:26 UTC] PHP   1. {main}() /Users/rickywallace/Local Sites/fancy-lab/app/public/wp-admin/admin-ajax.php:0
[24-Dec-2021 16:36:26 UTC] PHP   2. require_once() /Users/rickywallace/Local Sites/fancy-lab/app/public/wp-admin/admin-ajax.php:22
[24-Dec-2021 16:36:26 UTC] PHP   3. require_once() /Users/rickywallace/Local Sites/fancy-lab/app/public/wp-load.php:50
[24-Dec-2021 16:36:26 UTC] PHP   4. require_once() /Users/rickywallace/Local Sites/fancy-lab/app/public/wp-config.php:77
[24-Dec-2021 16:36:26 UTC] PHP   5. do_action() /Users/rickywallace/Local Sites/fancy-lab/app/public/wp-settings.php:556
[24-Dec-2021 16:36:26 UTC] PHP   6. WP_Hook->do_action() /Users/rickywallace/Local Sites/fancy-lab/app/public/wp-includes/plugin.php:470
[24-Dec-2021 16:36:26 UTC] PHP   7. WP_Hook->apply_filters() /Users/rickywallace/Local Sites/fancy-lab/app/public/wp-includes/class-wp-hook.php:327
[24-Dec-2021 16:38:26 UTC] PHP Warning:  call_user_func_array() expects parameter 1 to be a valid callback, no array or string given in /Users/rickywallace/Local Sites/fancy-lab/app/public/wp-includes/class-wp-hook.php on line 303
[24-Dec-2021 16:38:26 UTC] PHP Stack trace:
[24-Dec-2021 16:38:26 UTC] PHP   1. {main}() /Users/rickywallace/Local Sites/fancy-lab/app/public/wp-admin/admin-ajax.php:0
[24-Dec-2021 16:38:26 UTC] PHP   2. require_once() /Users/rickywallace/Local Sites/fancy-lab/app/public/wp-admin/admin-ajax.php:22
[24-Dec-2021 16:38:26 UTC] PHP   3. require_once() /Users/rickywallace/Local Sites/fancy-lab/app/public/wp-load.php:50
[24-Dec-2021 16:38:26 UTC] PHP   4. require_once() /Users/rickywallace/Local Sites/fancy-lab/app/public/wp-config.php:77
[24-Dec-2021 16:38:26 UTC] PHP   5. do_action() /Users/rickywallace/Local Sites/fancy-lab/app/public/wp-settings.php:556
[24-Dec-2021 16:38:26 UTC] PHP   6. WP_Hook->do_action() /Users/rickywallace/Local Sites/fancy-lab/app/public/wp-includes/plugin.php:470
[24-Dec-2021 16:38:26 UTC] PHP   7. WP_Hook->apply_filters() /Users/rickywallace/Local Sites/fancy-lab/app/public/wp-includes/class-wp-hook.php:327
[24-Dec-2021 16:40:27 UTC] PHP Warning:  call_user_func_array() expects parameter 1 to be a valid callback, no array or string given in /Users/rickywallace/Local Sites/fancy-lab/app/public/wp-includes/class-wp-hook.php on line 303
[24-Dec-2021 16:40:27 UTC] PHP Stack trace:
[24-Dec-2021 16:40:27 UTC] PHP   1. {main}() /Users/rickywallace/Local Sites/fancy-lab/app/public/wp-admin/admin-ajax.php:0
[24-Dec-2021 16:40:27 UTC] PHP   2. require_once() /Users/rickywallace/Local Sites/fancy-lab/app/public/wp-admin/admin-ajax.php:22
[24-Dec-2021 16:40:27 UTC] PHP   3. require_once() /Users/rickywallace/Local Sites/fancy-lab/app/public/wp-load.php:50
[24-Dec-2021 16:40:27 UTC] PHP   4. require_once() /Users/rickywallace/Local Sites/fancy-lab/app/public/wp-config.php:77
[24-Dec-2021 16:40:27 UTC] PHP   5. do_action() /Users/rickywallace/Local Sites/fancy-lab/app/public/wp-settings.php:556
[24-Dec-2021 16:40:27 UTC] PHP   6. WP_Hook->do_action() /Users/rickywallace/Local Sites/fancy-lab/app/public/wp-includes/plugin.php:470
[24-Dec-2021 16:40:27 UTC] PHP   7. WP_Hook->apply_filters() /Users/rickywallace/Local Sites/fancy-lab/app/public/wp-includes/class-wp-hook.php:327
[24-Dec-2021 16:42:28 UTC] PHP Warning:  call_user_func_array() expects parameter 1 to be a valid callback, no array or string given in /Users/rickywallace/Local Sites/fancy-lab/app/public/wp-includes/class-wp-hook.php on line 303
[24-Dec-2021 16:42:28 UTC] PHP Stack trace:
[24-Dec-2021 16:42:28 UTC] PHP   1. {main}() /Users/rickywallace/Local Sites/fancy-lab/app/public/wp-admin/admin-ajax.php:0
[24-Dec-2021 16:42:28 UTC] PHP   2. require_once() /Users/rickywallace/Local Sites/fancy-lab/app/public/wp-admin/admin-ajax.php:22
[24-Dec-2021 16:42:28 UTC] PHP   3. require_once() /Users/rickywallace/Local Sites/fancy-lab/app/public/wp-load.php:50
[24-Dec-2021 16:42:28 UTC] PHP   4. require_once() /Users/rickywallace/Local Sites/fancy-lab/app/public/wp-config.php:77
[24-Dec-2021 16:42:28 UTC] PHP   5. do_action() /Users/rickywallace/Local Sites/fancy-lab/app/public/wp-settings.php:556
[24-Dec-2021 16:42:28 UTC] PHP   6. WP_Hook->do_action() /Users/rickywallace/Local Sites/fancy-lab/app/public/wp-includes/plugin.php:470
[24-Dec-2021 16:42:28 UTC] PHP   7. WP_Hook->apply_filters() /Users/rickywallace/Local Sites/fancy-lab/app/public/wp-includes/class-wp-hook.php:327
[24-Dec-2021 16:44:28 UTC] PHP Warning:  call_user_func_array() expects parameter 1 to be a valid callback, no array or string given in /Users/rickywallace/Local Sites/fancy-lab/app/public/wp-includes/class-wp-hook.php on line 303
[24-Dec-2021 16:44:28 UTC] PHP Stack trace:
[24-Dec-2021 16:44:28 UTC] PHP   1. {main}() /Users/rickywallace/Local Sites/fancy-lab/app/public/wp-admin/admin-ajax.php:0
[24-Dec-2021 16:44:28 UTC] PHP   2. require_once() /Users/rickywallace/Local Sites/fancy-lab/app/public/wp-admin/admin-ajax.php:22
[24-Dec-2021 16:44:28 UTC] PHP   3. require_once() /Users/rickywallace/Local Sites/fancy-lab/app/public/wp-load.php:50
[24-Dec-2021 16:44:28 UTC] PHP   4. require_once() /Users/rickywallace/Local Sites/fancy-lab/app/public/wp-config.php:77
[24-Dec-2021 16:44:28 UTC] PHP   5. do_action() /Users/rickywallace/Local Sites/fancy-lab/app/public/wp-settings.php:556
[24-Dec-2021 16:44:28 UTC] PHP   6. WP_Hook->do_action() /Users/rickywallace/Local Sites/fancy-lab/app/public/wp-includes/plugin.php:470
[24-Dec-2021 16:44:28 UTC] PHP   7. WP_Hook->apply_filters() /Users/rickywallace/Local Sites/fancy-lab/app/public/wp-includes/class-wp-hook.php:327
[24-Dec-2021 16:46:28 UTC] PHP Warning:  call_user_func_array() expects parameter 1 to be a valid callback, no array or string given in /Users/rickywallace/Local Sites/fancy-lab/app/public/wp-includes/class-wp-hook.php on line 303
[24-Dec-2021 16:46:28 UTC] PHP Stack trace:
[24-Dec-2021 16:46:28 UTC] PHP   1. {main}() /Users/rickywallace/Local Sites/fancy-lab/app/public/wp-admin/admin-ajax.php:0
[24-Dec-2021 16:46:28 UTC] PHP   2. require_once() /Users/rickywallace/Local Sites/fancy-lab/app/public/wp-admin/admin-ajax.php:22
[24-Dec-2021 16:46:28 UTC] PHP   3. require_once() /Users/rickywallace/Local Sites/fancy-lab/app/public/wp-load.php:50
[24-Dec-2021 16:46:28 UTC] PHP   4. require_once() /Users/rickywallace/Local Sites/fancy-lab/app/public/wp-config.php:77
[24-Dec-2021 16:46:28 UTC] PHP   5. do_action() /Users/rickywallace/Local Sites/fancy-lab/app/public/wp-settings.php:556
[24-Dec-2021 16:46:28 UTC] PHP   6. WP_Hook->do_action() /Users/rickywallace/Local Sites/fancy-lab/app/public/wp-includes/plugin.php:470
[24-Dec-2021 16:46:28 UTC] PHP   7. WP_Hook->apply_filters() /Users/rickywallace/Local Sites/fancy-lab/app/public/wp-includes/class-wp-hook.php:327
[24-Dec-2021 16:48:28 UTC] PHP Warning:  call_user_func_array() expects parameter 1 to be a valid callback, no array or string given in /Users/rickywallace/Local Sites/fancy-lab/app/public/wp-includes/class-wp-hook.php on line 303
[24-Dec-2021 16:48:28 UTC] PHP Stack trace:
[24-Dec-2021 16:48:28 UTC] PHP   1. {main}() /Users/rickywallace/Local Sites/fancy-lab/app/public/wp-admin/admin-ajax.php:0
[24-Dec-2021 16:48:28 UTC] PHP   2. require_once() /Users/rickywallace/Local Sites/fancy-lab/app/public/wp-admin/admin-ajax.php:22
[24-Dec-2021 16:48:28 UTC] PHP   3. require_once() /Users/rickywallace/Local Sites/fancy-lab/app/public/wp-load.php:50
[24-Dec-2021 16:48:28 UTC] PHP   4. require_once() /Users/rickywallace/Local Sites/fancy-lab/app/public/wp-config.php:77
[24-Dec-2021 16:48:28 UTC] PHP   5. do_action() /Users/rickywallace/Local Sites/fancy-lab/app/public/wp-settings.php:556
[24-Dec-2021 16:48:28 UTC] PHP   6. WP_Hook->do_action() /Users/rickywallace/Local Sites/fancy-lab/app/public/wp-includes/plugin.php:470
[24-Dec-2021 16:48:28 UTC] PHP   7. WP_Hook->apply_filters() /Users/rickywallace/Local Sites/fancy-lab/app/public/wp-includes/class-wp-hook.php:327
[24-Dec-2021 16:50:29 UTC] PHP Warning:  call_user_func_array() expects parameter 1 to be a valid callback, no array or string given in /Users/rickywallace/Local Sites/fancy-lab/app/public/wp-includes/class-wp-hook.php on line 303
[24-Dec-2021 16:50:29 UTC] PHP Stack trace:
[24-Dec-2021 16:50:29 UTC] PHP   1. {main}() /Users/rickywallace/Local Sites/fancy-lab/app/public/wp-admin/admin-ajax.php:0
[24-Dec-2021 16:50:29 UTC] PHP   2. require_once() /Users/rickywallace/Local Sites/fancy-lab/app/public/wp-admin/admin-ajax.php:22
[24-Dec-2021 16:50:29 UTC] PHP   3. require_once() /Users/rickywallace/Local Sites/fancy-lab/app/public/wp-load.php:50
[24-Dec-2021 16:50:29 UTC] PHP   4. require_once() /Users/rickywallace/Local Sites/fancy-lab/app/public/wp-config.php:77
[24-Dec-2021 16:50:29 UTC] PHP   5. do_action() /Users/rickywallace/Local Sites/fancy-lab/app/public/wp-settings.php:556
[24-Dec-2021 16:50:29 UTC] PHP   6. WP_Hook->do_action() /Users/rickywallace/Local Sites/fancy-lab/app/public/wp-includes/plugin.php:470
[24-Dec-2021 16:50:29 UTC] PHP   7. WP_Hook->apply_filters() /Users/rickywallace/Local Sites/fancy-lab/app/public/wp-includes/class-wp-hook.php:327
[24-Dec-2021 16:52:29 UTC] PHP Warning:  call_user_func_array() expects parameter 1 to be a valid callback, no array or string given in /Users/rickywallace/Local Sites/fancy-lab/app/public/wp-includes/class-wp-hook.php on line 303
[24-Dec-2021 16:52:29 UTC] PHP Stack trace:
[24-Dec-2021 16:52:29 UTC] PHP   1. {main}() /Users/rickywallace/Local Sites/fancy-lab/app/public/wp-admin/admin-ajax.php:0
[24-Dec-2021 16:52:29 UTC] PHP   2. require_once() /Users/rickywallace/Local Sites/fancy-lab/app/public/wp-admin/admin-ajax.php:22
[24-Dec-2021 16:52:29 UTC] PHP   3. require_once() /Users/rickywallace/Local Sites/fancy-lab/app/public/wp-load.php:50
[24-Dec-2021 16:52:29 UTC] PHP   4. require_once() /Users/rickywallace/Local Sites/fancy-lab/app/public/wp-config.php:77
[24-Dec-2021 16:52:29 UTC] PHP   5. do_action() /Users/rickywallace/Local Sites/fancy-lab/app/public/wp-settings.php:556
[24-Dec-2021 16:52:29 UTC] PHP   6. WP_Hook->do_action() /Users/rickywallace/Local Sites/fancy-lab/app/public/wp-includes/plugin.php:470
[24-Dec-2021 16:52:29 UTC] PHP   7. WP_Hook->apply_filters() /Users/rickywallace/Local Sites/fancy-lab/app/public/wp-includes/class-wp-hook.php:327
[24-Dec-2021 16:54:29 UTC] PHP Warning:  call_user_func_array() expects parameter 1 to be a valid callback, no array or string given in /Users/rickywallace/Local Sites/fancy-lab/app/public/wp-includes/class-wp-hook.php on line 303
[24-Dec-2021 16:54:29 UTC] PHP Stack trace:
[24-Dec-2021 16:54:29 UTC] PHP   1. {main}() /Users/rickywallace/Local Sites/fancy-lab/app/public/wp-admin/admin-ajax.php:0
[24-Dec-2021 16:54:29 UTC] PHP   2. require_once() /Users/rickywallace/Local Sites/fancy-lab/app/public/wp-admin/admin-ajax.php:22
[24-Dec-2021 16:54:29 UTC] PHP   3. require_once() /Users/rickywallace/Local Sites/fancy-lab/app/public/wp-load.php:50
[24-Dec-2021 16:54:29 UTC] PHP   4. require_once() /Users/rickywallace/Local Sites/fancy-lab/app/public/wp-config.php:77
[24-Dec-2021 16:54:29 UTC] PHP   5. do_action() /Users/rickywallace/Local Sites/fancy-lab/app/public/wp-settings.php:556
[24-Dec-2021 16:54:29 UTC] PHP   6. WP_Hook->do_action() /Users/rickywallace/Local Sites/fancy-lab/app/public/wp-includes/plugin.php:470
[24-Dec-2021 16:54:29 UTC] PHP   7. WP_Hook->apply_filters() /Users/rickywallace/Local Sites/fancy-lab/app/public/wp-includes/class-wp-hook.php:327
[24-Dec-2021 16:54:30 UTC] PHP Warning:  call_user_func_array() expects parameter 1 to be a valid callback, no array or string given in /Users/rickywallace/Local Sites/fancy-lab/app/public/wp-includes/class-wp-hook.php on line 303
[24-Dec-2021 16:54:30 UTC] PHP Stack trace:
[24-Dec-2021 16:54:30 UTC] PHP   1. {main}() /Users/rickywallace/Local Sites/fancy-lab/app/public/wp-cron.php:0
[24-Dec-2021 16:54:30 UTC] PHP   2. require_once() /Users/rickywallace/Local Sites/fancy-lab/app/public/wp-cron.php:44
[24-Dec-2021 16:54:30 UTC] PHP   3. require_once() /Users/rickywallace/Local Sites/fancy-lab/app/public/wp-load.php:50
[24-Dec-2021 16:54:30 UTC] PHP   4. require_once() /Users/rickywallace/Local Sites/fancy-lab/app/public/wp-config.php:77
[24-Dec-2021 16:54:30 UTC] PHP   5. do_action() /Users/rickywallace/Local Sites/fancy-lab/app/public/wp-settings.php:556
[24-Dec-2021 16:54:30 UTC] PHP   6. WP_Hook->do_action() /Users/rickywallace/Local Sites/fancy-lab/app/public/wp-includes/plugin.php:470
[24-Dec-2021 16:54:30 UTC] PHP   7. WP_Hook->apply_filters() /Users/rickywallace/Local Sites/fancy-lab/app/public/wp-includes/class-wp-hook.php:327
